# JRE version: Java(TM) SE Runtime Environment (8.0_181-b13) (build 1.8.0_181-b13)
# Java VM: Java HotSpot(TM) 64-Bit Server VM (25.181-b13 mixed mode windows-amd64 compressed oops)
Heap:
 PSYoungGen      total 110080K, used 55741K [0x00000000eb500000, 0x00000000f4e80000, 0x0000000100000000)
  eden space 99840K, 55% used [0x00000000eb500000,0x00000000eeb6f728,0x00000000f1680000)
  from space 10240K, 0% used [0x00000000f1680000,0x00000000f1680000,0x00000000f2080000)
  to   space 10240K, 0% used [0x00000000f4480000,0x00000000f4480000,0x00000000f4e80000)
 ParOldGen       total 44032K, used 12289K [0x00000000c1e00000, 0x00000000c4900000, 0x00000000eb500000)
  object space 44032K, 27% used [0x00000000c1e00000,0x00000000c2a007a0,0x00000000c4900000)
 Metaspace       used 36864K, capacity 37358K, committed 37592K, reserved 1081344K
  class space    used 4872K, capacity 5034K, committed 5120K, reserved 1048576K
GC Heap History (10 events):
Event: 3.232 GC heap before
{Heap before GC invocations=7 (full 1):
 PSYoungGen      total 35328K, used 32768K [0x00000000eb500000, 0x00000000f0300000, 0x0000000100000000)
  eden space 32768K, 100% used [0x00000000eb500000,0x00000000ed500000,0x00000000ed500000)
  from space 2560K, 0% used [0x00000000ed500000,0x00000000ed500000,0x00000000ed780000)
  to   space 7168K, 0% used [0x00000000efc00000,0x00000000efc00000,0x00000000f0300000)
 ParOldGen       total 31232K, used 6536K [0x00000000c1e00000, 0x00000000c3c80000, 0x00000000eb500000)
  object space 31232K, 20% used [0x00000000c1e00000,0x00000000c24623f0,0x00000000c3c80000)
 Metaspace       used 26012K, capacity 26402K, committed 26880K, reserved 1073152K
  class space    used 3384K, capacity 3504K, committed 3584K, reserved 1048576K
Event: 3.240 GC heap after
Heap after GC invocations=7 (full 1):
 PSYoungGen      total 64000K, used 5139K [0x00000000eb500000, 0x00000000f0180000, 0x0000000100000000)
  eden space 58368K, 0% used [0x00000000eb500000,0x00000000eb500000,0x00000000eee00000)
  from space 5632K, 91% used [0x00000000efc00000,0x00000000f0104d28,0x00000000f0180000)
  to   space 7168K, 0% used [0x00000000ef380000,0x00000000ef380000,0x00000000efa80000)
 ParOldGen       total 31232K, used 6544K [0x00000000c1e00000, 0x00000000c3c80000, 0x00000000eb500000)
  object space 31232K, 20% used [0x00000000c1e00000,0x00000000c24643f0,0x00000000c3c80000)
 Metaspace       used 26012K, capacity 26402K, committed 26880K, reserved 1073152K
  class space    used 3384K, capacity 3504K, committed 3584K, reserved 1048576K
}
Event: 4.454 GC heap before
{Heap before GC invocations=8 (full 1):
 PSYoungGen      total 64000K, used 63507K [0x00000000eb500000, 0x00000000f0180000, 0x0000000100000000)
  eden space 58368K, 100% used [0x00000000eb500000,0x00000000eee00000,0x00000000eee00000)
  from space 5632K, 91% used [0x00000000efc00000,0x00000000f0104d28,0x00000000f0180000)
  to   space 7168K, 0% used [0x00000000ef380000,0x00000000ef380000,0x00000000efa80000)
 ParOldGen       total 31232K, used 6544K [0x00000000c1e00000, 0x00000000c3c80000, 0x00000000eb500000)
  object space 31232K, 20% used [0x00000000c1e00000,0x00000000c24643f0,0x00000000c3c80000)
 Metaspace       used 30963K, capacity 31438K, committed 31616K, reserved 1077248K
  class space    used 4075K, capacity 4220K, committed 4224K, reserved 1048576K
Event: 4.466 GC heap after
Heap after GC invocations=8 (full 1):
 PSYoungGen      total 71168K, used 7165K [0x00000000eb500000, 0x00000000f2980000, 0x0000000100000000)
  eden space 64000K, 0% used [0x00000000eb500000,0x00000000eb500000,0x00000000ef380000)
  from space 7168K, 99% used [0x00000000ef380000,0x00000000efa7f7f0,0x00000000efa80000)
  to   space 9216K, 0% used [0x00000000f2080000,0x00000000f2080000,0x00000000f2980000)
 ParOldGen       total 31232K, used 8993K [0x00000000c1e00000, 0x00000000c3c80000, 0x00000000eb500000)
  object space 31232K, 28% used [0x00000000c1e00000,0x00000000c26c87f0,0x00000000c3c80000)
 Metaspace       used 30963K, capacity 31438K, committed 31616K, reserved 1077248K
  class space    used 4075K, capacity 4220K, committed 4224K, reserved 1048576K
}
Event: 8.547 GC heap before
{Heap before GC invocations=9 (full 1):
 PSYoungGen      total 71168K, used 71165K [0x00000000eb500000, 0x00000000f2980000, 0x0000000100000000)
  eden space 64000K, 100% used [0x00000000eb500000,0x00000000ef380000,0x00000000ef380000)
  from space 7168K, 99% used [0x00000000ef380000,0x00000000efa7f7f0,0x00000000efa80000)
  to   space 9216K, 0% used [0x00000000f2080000,0x00000000f2080000,0x00000000f2980000)
 ParOldGen       total 31232K, used 8993K [0x00000000c1e00000, 0x00000000c3c80000, 0x00000000eb500000)
  object space 31232K, 28% used [0x00000000c1e00000,0x00000000c26c87f0,0x00000000c3c80000)
 Metaspace       used 34072K, capacity 34594K, committed 34816K, reserved 1079296K
  class space    used 4446K, capacity 4584K, committed 4608K, reserved 1048576K
Event: 8.558 GC heap after
Heap after GC invocations=9 (full 1):
 PSYoungGen      total 109056K, used 9155K [0x00000000eb500000, 0x00000000f3100000, 0x0000000100000000)
  eden space 99840K, 0% used [0x00000000eb500000,0x00000000eb500000,0x00000000f1680000)
  from space 9216K, 99% used [0x00000000f2080000,0x00000000f2970fd8,0x00000000f2980000)
  to   space 10240K, 0% used [0x00000000f1680000,0x00000000f1680000,0x00000000f2080000)
 ParOldGen       total 31232K, used 9130K [0x00000000c1e00000, 0x00000000c3c80000, 0x00000000eb500000)
  object space 31232K, 29% used [0x00000000c1e00000,0x00000000c26ea800,0x00000000c3c80000)
 Metaspace       used 34072K, capacity 34594K, committed 34816K, reserved 1079296K
  class space    used 4446K, capacity 4584K, committed 4608K, reserved 1048576K
}
Event: 10.018 GC heap before
{Heap before GC invocations=10 (full 1):
 PSYoungGen      total 109056K, used 34106K [0x00000000eb500000, 0x00000000f3100000, 0x0000000100000000)
  eden space 99840K, 24% used [0x00000000eb500000,0x00000000ecd5d8a0,0x00000000f1680000)
  from space 9216K, 99% used [0x00000000f2080000,0x00000000f2970fd8,0x00000000f2980000)
  to   space 10240K, 0% used [0x00000000f1680000,0x00000000f1680000,0x00000000f2080000)
 ParOldGen       total 31232K, used 9130K [0x00000000c1e00000, 0x00000000c3c80000, 0x00000000eb500000)
  object space 31232K, 29% used [0x00000000c1e00000,0x00000000c26ea800,0x00000000c3c80000)
 Metaspace       used 34759K, capacity 35170K, committed 35416K, reserved 1079296K
  class space    used 4530K, capacity 4648K, committed 4736K, reserved 1048576K
Event: 10.027 GC heap after
Heap after GC invocations=10 (full 1):
 PSYoungGen      total 110080K, used 4645K [0x00000000eb500000, 0x00000000f4e80000, 0x0000000100000000)
  eden space 99840K, 0% used [0x00000000eb500000,0x00000000eb500000,0x00000000f1680000)
  from space 10240K, 45% used [0x00000000f1680000,0x00000000f1b09600,0x00000000f2080000)
  to   space 10240K, 0% used [0x00000000f4480000,0x00000000f4480000,0x00000000f4e80000)
 ParOldGen       total 31232K, used 11658K [0x00000000c1e00000, 0x00000000c3c80000, 0x00000000eb500000)
  object space 31232K, 37% used [0x00000000c1e00000,0x00000000c29628e8,0x00000000c3c80000)
 Metaspace       used 34759K, capacity 35170K, committed 35416K, reserved 1079296K
  class space    used 4530K, capacity 4648K, committed 4736K, reserved 1048576K
}
Event: 10.027 GC heap before
{Heap before GC invocations=11 (full 2):
 PSYoungGen      total 110080K, used 4645K [0x00000000eb500000, 0x00000000f4e80000, 0x0000000100000000)
  eden space 99840K, 0% used [0x00000000eb500000,0x00000000eb500000,0x00000000f1680000)
  from space 10240K, 45% used [0x00000000f1680000,0x00000000f1b09600,0x00000000f2080000)
  to   space 10240K, 0% used [0x00000000f4480000,0x00000000f4480000,0x00000000f4e80000)
 ParOldGen       total 31232K, used 11658K [0x00000000c1e00000, 0x00000000c3c80000, 0x00000000eb500000)
  object space 31232K, 37% used [0x00000000c1e00000,0x00000000c29628e8,0x00000000c3c80000)
 Metaspace       used 34759K, capacity 35170K, committed 35416K, reserved 1079296K
  class space    used 4530K, capacity 4648K, committed 4736K, reserved 1048576K
Event: 10.112 GC heap after
Heap after GC invocations=11 (full 2):
 PSYoungGen      total 110080K, used 0K [0x00000000eb500000, 0x00000000f4e80000, 0x0000000100000000)
  eden space 99840K, 0% used [0x00000000eb500000,0x00000000eb500000,0x00000000f1680000)
  from space 10240K, 0% used [0x00000000f1680000,0x00000000f1680000,0x00000000f2080000)
  to   space 10240K, 0% used [0x00000000f4480000,0x00000000f4480000,0x00000000f4e80000)
 ParOldGen       total 44032K, used 12289K [0x00000000c1e00000, 0x00000000c4900000, 0x00000000eb500000)
  object space 44032K, 27% used [0x00000000c1e00000,0x00000000c2a007a0,0x00000000c4900000)
 Metaspace       used 34759K, capacity 35170K, committed 35416K, reserved 1079296K
  class space    used 4530K, capacity 4648K, committed 4736K, reserved 1048576K
}

