# JRE version: Java(TM) SE Runtime Environment (8.0_181-b13) (build 1.8.0_181-b13)
# Java VM: Java HotSpot(TM) 64-Bit Server VM (25.181-b13 mixed mode windows-amd64 compressed oops)
Heap:
 PSYoungGen      total 116736K, used 15319K [0x00000000eb500000, 0x00000000f3780000, 0x0000000100000000)
  eden space 107008K, 5% used [0x00000000eb500000,0x00000000eba78ba8,0x00000000f1d80000)
  from space 9728K, 99% used [0x00000000f2880000,0x00000000f31fd060,0x00000000f3200000)
  to   space 11264K, 0% used [0x00000000f1d80000,0x00000000f1d80000,0x00000000f2880000)
 ParOldGen       total 128000K, used 92932K [0x00000000c1e00000, 0x00000000c9b00000, 0x00000000eb500000)
  object space 128000K, 72% used [0x00000000c1e00000,0x00000000c78c1060,0x00000000c9b00000)
 Metaspace       used 37280K, capacity 37796K, committed 38104K, reserved 1083392K
  class space    used 4900K, capacity 5033K, committed 5120K, reserved 1048576K
GC Heap History (10 events):
Event: 9.848 GC heap before
{Heap before GC invocations=9 (full 1):
 PSYoungGen      total 70656K, used 32612K [0x00000000eb500000, 0x00000000f3200000, 0x0000000100000000)
  eden space 63488K, 40% used [0x00000000eb500000,0x00000000ecdda198,0x00000000ef300000)
  from space 7168K, 99% used [0x00000000ef300000,0x00000000ef9fee88,0x00000000efa00000)
  to   space 9728K, 0% used [0x00000000f2880000,0x00000000f2880000,0x00000000f3200000)
 ParOldGen       total 27648K, used 8011K [0x00000000c1e00000, 0x00000000c3900000, 0x00000000eb500000)
  object space 27648K, 28% used [0x00000000c1e00000,0x00000000c25d2cd8,0x00000000c3900000)
 Metaspace       used 34623K, capacity 35096K, committed 35416K, reserved 1079296K
  class space    used 4524K, capacity 4647K, committed 4736K, reserved 1048576K
Event: 9.860 GC heap after
Heap after GC invocations=9 (full 1):
 PSYoungGen      total 116736K, used 9711K [0x00000000eb500000, 0x00000000f3780000, 0x0000000100000000)
  eden space 107008K, 0% used [0x00000000eb500000,0x00000000eb500000,0x00000000f1d80000)
  from space 9728K, 99% used [0x00000000f2880000,0x00000000f31fbf20,0x00000000f3200000)
  to   space 11264K, 0% used [0x00000000f1d80000,0x00000000f1d80000,0x00000000f2880000)
 ParOldGen       total 27648K, used 8248K [0x00000000c1e00000, 0x00000000c3900000, 0x00000000eb500000)
  object space 27648K, 29% used [0x00000000c1e00000,0x00000000c260e2a8,0x00000000c3900000)
 Metaspace       used 34623K, capacity 35096K, committed 35416K, reserved 1079296K
  class space    used 4524K, capacity 4647K, committed 4736K, reserved 1048576K
}
Event: 9.860 GC heap before
{Heap before GC invocations=10 (full 2):
 PSYoungGen      total 116736K, used 9711K [0x00000000eb500000, 0x00000000f3780000, 0x0000000100000000)
  eden space 107008K, 0% used [0x00000000eb500000,0x00000000eb500000,0x00000000f1d80000)
  from space 9728K, 99% used [0x00000000f2880000,0x00000000f31fbf20,0x00000000f3200000)
  to   space 11264K, 0% used [0x00000000f1d80000,0x00000000f1d80000,0x00000000f2880000)
 ParOldGen       total 27648K, used 8248K [0x00000000c1e00000, 0x00000000c3900000, 0x00000000eb500000)
  object space 27648K, 29% used [0x00000000c1e00000,0x00000000c260e2a8,0x00000000c3900000)
 Metaspace       used 34623K, capacity 35096K, committed 35416K, reserved 1079296K
  class space    used 4524K, capacity 4647K, committed 4736K, reserved 1048576K
Event: 9.915 GC heap after
Heap after GC invocations=10 (full 2):
 PSYoungGen      total 116736K, used 0K [0x00000000eb500000, 0x00000000f3780000, 0x0000000100000000)
  eden space 107008K, 0% used [0x00000000eb500000,0x00000000eb500000,0x00000000f1d80000)
  from space 9728K, 0% used [0x00000000f2880000,0x00000000f2880000,0x00000000f3200000)
  to   space 11264K, 0% used [0x00000000f1d80000,0x00000000f1d80000,0x00000000f2880000)
 ParOldGen       total 42496K, used 14471K [0x00000000c1e00000, 0x00000000c4780000, 0x00000000eb500000)
  object space 42496K, 34% used [0x00000000c1e00000,0x00000000c2c21c90,0x00000000c4780000)
 Metaspace       used 34623K, capacity 35096K, committed 35416K, reserved 1079296K
  class space    used 4524K, capacity 4647K, committed 4736K, reserved 1048576K
}
Event: 10.898 GC heap before
{Heap before GC invocations=11 (full 2):
 PSYoungGen      total 116736K, used 107008K [0x00000000eb500000, 0x00000000f3780000, 0x0000000100000000)
  eden space 107008K, 100% used [0x00000000eb500000,0x00000000f1d80000,0x00000000f1d80000)
  from space 9728K, 0% used [0x00000000f2880000,0x00000000f2880000,0x00000000f3200000)
  to   space 11264K, 0% used [0x00000000f1d80000,0x00000000f1d80000,0x00000000f2880000)
 ParOldGen       total 42496K, used 14471K [0x00000000c1e00000, 0x00000000c4780000, 0x00000000eb500000)
  object space 42496K, 34% used [0x00000000c1e00000,0x00000000c2c21ca8,0x00000000c4780000)
 Metaspace       used 36854K, capacity 37348K, committed 37848K, reserved 1081344K
  class space    used 4874K, capacity 5033K, committed 5120K, reserved 1048576K
Event: 10.990 GC heap after
Heap after GC invocations=11 (full 2):
 PSYoungGen      total 118272K, used 11253K [0x00000000eb500000, 0x00000000f3780000, 0x0000000100000000)
  eden space 107008K, 0% used [0x00000000eb500000,0x00000000eb500000,0x00000000f1d80000)
  from space 11264K, 99% used [0x00000000f1d80000,0x00000000f287d690,0x00000000f2880000)
  to   space 9728K, 0% used [0x00000000f2880000,0x00000000f2880000,0x00000000f3200000)
 ParOldGen       total 69632K, used 69572K [0x00000000c1e00000, 0x00000000c6200000, 0x00000000eb500000)
  object space 69632K, 99% used [0x00000000c1e00000,0x00000000c61f1210,0x00000000c6200000)
 Metaspace       used 36854K, capacity 37348K, committed 37848K, reserved 1081344K
  class space    used 4874K, capacity 5033K, committed 5120K, reserved 1048576K
}
Event: 10.990 GC heap before
{Heap before GC invocations=12 (full 3):
 PSYoungGen      total 118272K, used 11253K [0x00000000eb500000, 0x00000000f3780000, 0x0000000100000000)
  eden space 107008K, 0% used [0x00000000eb500000,0x00000000eb500000,0x00000000f1d80000)
  from space 11264K, 99% used [0x00000000f1d80000,0x00000000f287d690,0x00000000f2880000)
  to   space 9728K, 0% used [0x00000000f2880000,0x00000000f2880000,0x00000000f3200000)
 ParOldGen       total 69632K, used 69572K [0x00000000c1e00000, 0x00000000c6200000, 0x00000000eb500000)
  object space 69632K, 99% used [0x00000000c1e00000,0x00000000c61f1210,0x00000000c6200000)
 Metaspace       used 36854K, capacity 37348K, committed 37848K, reserved 1081344K
  class space    used 4874K, capacity 5033K, committed 5120K, reserved 1048576K
Event: 11.507 GC heap after
Heap after GC invocations=12 (full 3):
 PSYoungGen      total 118272K, used 8688K [0x00000000eb500000, 0x00000000f3780000, 0x0000000100000000)
  eden space 107008K, 0% used [0x00000000eb500000,0x00000000eb500000,0x00000000f1d80000)
  from space 11264K, 77% used [0x00000000f1d80000,0x00000000f25fc100,0x00000000f2880000)
  to   space 9728K, 0% used [0x00000000f2880000,0x00000000f2880000,0x00000000f3200000)
 ParOldGen       total 128000K, used 69254K [0x00000000c1e00000, 0x00000000c9b00000, 0x00000000eb500000)
  object space 128000K, 54% used [0x00000000c1e00000,0x00000000c61a1918,0x00000000c9b00000)
 Metaspace       used 36854K, capacity 37348K, committed 37848K, reserved 1081344K
  class space    used 4874K, capacity 5033K, committed 5120K, reserved 1048576K
}
Event: 12.286 GC heap before
{Heap before GC invocations=13 (full 3):
 PSYoungGen      total 118272K, used 115696K [0x00000000eb500000, 0x00000000f3780000, 0x0000000100000000)
  eden space 107008K, 100% used [0x00000000eb500000,0x00000000f1d80000,0x00000000f1d80000)
  from space 11264K, 77% used [0x00000000f1d80000,0x00000000f25fc100,0x00000000f2880000)
  to   space 9728K, 0% used [0x00000000f2880000,0x00000000f2880000,0x00000000f3200000)
 ParOldGen       total 128000K, used 69255K [0x00000000c1e00000, 0x00000000c9b00000, 0x00000000eb500000)
  object space 128000K, 54% used [0x00000000c1e00000,0x00000000c61a1fe8,0x00000000c9b00000)
 Metaspace       used 37209K, capacity 37668K, committed 38104K, reserved 1083392K
  class space    used 4896K, capacity 5033K, committed 5120K, reserved 1048576K
Event: 12.364 GC heap after
Heap after GC invocations=13 (full 3):
 PSYoungGen      total 116736K, used 9716K [0x00000000eb500000, 0x00000000f3780000, 0x0000000100000000)
  eden space 107008K, 0% used [0x00000000eb500000,0x00000000eb500000,0x00000000f1d80000)
  from space 9728K, 99% used [0x00000000f2880000,0x00000000f31fd060,0x00000000f3200000)
  to   space 11264K, 0% used [0x00000000f1d80000,0x00000000f1d80000,0x00000000f2880000)
 ParOldGen       total 128000K, used 92932K [0x00000000c1e00000, 0x00000000c9b00000, 0x00000000eb500000)
  object space 128000K, 72% used [0x00000000c1e00000,0x00000000c78c1060,0x00000000c9b00000)
 Metaspace       used 37209K, capacity 37668K, committed 38104K, reserved 1083392K
  class space    used 4896K, capacity 5033K, committed 5120K, reserved 1048576K
}

