# JRE version: Java(TM) SE Runtime Environment (8.0_181-b13) (build 1.8.0_181-b13)
# Java VM: Java HotSpot(TM) 64-Bit Server VM (25.181-b13 mixed mode windows-amd64 compressed oops)
Heap:
 PSYoungGen      total 87040K, used 18083K [0x00000000eb500000, 0x00000000f3b00000, 0x0000000100000000)
  eden space 75776K, 9% used [0x00000000eb500000,0x00000000ebbafcf8,0x00000000eff00000)
  from space 11264K, 99% used [0x00000000f1380000,0x00000000f1e792f8,0x00000000f1e80000)
  to   space 20992K, 0% used [0x00000000eff00000,0x00000000eff00000,0x00000000f1380000)
 ParOldGen       total 54784K, used 36870K [0x00000000c1e00000, 0x00000000c5380000, 0x00000000eb500000)
  object space 54784K, 67% used [0x00000000c1e00000,0x00000000c4201ba8,0x00000000c5380000)
 Metaspace       used 37168K, capacity 37732K, committed 38104K, reserved 1083392K
  class space    used 4922K, capacity 5049K, committed 5120K, reserved 1048576K
GC Heap History (10 events):
Event: 4.562 GC heap before
{Heap before GC invocations=8 (full 1):
 PSYoungGen      total 55296K, used 55167K [0x00000000eb500000, 0x00000000ef400000, 0x0000000100000000)
  eden space 48640K, 100% used [0x00000000eb500000,0x00000000ee480000,0x00000000ee480000)
  from space 6656K, 98% used [0x00000000eec00000,0x00000000ef25fdd0,0x00000000ef280000)
  to   space 7680K, 0% used [0x00000000ee480000,0x00000000ee480000,0x00000000eec00000)
 ParOldGen       total 34304K, used 7874K [0x00000000c1e00000, 0x00000000c3f80000, 0x00000000eb500000)
  object space 34304K, 22% used [0x00000000c1e00000,0x00000000c25b09e0,0x00000000c3f80000)
 Metaspace       used 33426K, capacity 33964K, committed 34304K, reserved 1079296K
  class space    used 4387K, capacity 4565K, committed 4608K, reserved 1048576K
Event: 4.578 GC heap after
Heap after GC invocations=8 (full 1):
 PSYoungGen      total 56320K, used 7663K [0x00000000eb500000, 0x00000000f0f80000, 0x0000000100000000)
  eden space 48640K, 0% used [0x00000000eb500000,0x00000000eb500000,0x00000000ee480000)
  from space 7680K, 99% used [0x00000000ee480000,0x00000000eebfbdc8,0x00000000eec00000)
  to   space 10240K, 0% used [0x00000000f0580000,0x00000000f0580000,0x00000000f0f80000)
 ParOldGen       total 34304K, used 10795K [0x00000000c1e00000, 0x00000000c3f80000, 0x00000000eb500000)
  object space 34304K, 31% used [0x00000000c1e00000,0x00000000c288ada0,0x00000000c3f80000)
 Metaspace       used 33426K, capacity 33964K, committed 34304K, reserved 1079296K
  class space    used 4387K, capacity 4565K, committed 4608K, reserved 1048576K
}
Event: 8.737 GC heap before
{Heap before GC invocations=9 (full 1):
 PSYoungGen      total 56320K, used 56303K [0x00000000eb500000, 0x00000000f0f80000, 0x0000000100000000)
  eden space 48640K, 100% used [0x00000000eb500000,0x00000000ee480000,0x00000000ee480000)
  from space 7680K, 99% used [0x00000000ee480000,0x00000000eebfbdc8,0x00000000eec00000)
  to   space 10240K, 0% used [0x00000000f0580000,0x00000000f0580000,0x00000000f0f80000)
 ParOldGen       total 34304K, used 10795K [0x00000000c1e00000, 0x00000000c3f80000, 0x00000000eb500000)
  object space 34304K, 31% used [0x00000000c1e00000,0x00000000c288ada0,0x00000000c3f80000)
 Metaspace       used 34432K, capacity 34962K, committed 35416K, reserved 1079296K
  class space    used 4503K, capacity 4662K, committed 4736K, reserved 1048576K
Event: 8.746 GC heap after
Heap after GC invocations=9 (full 1):
 PSYoungGen      total 77824K, used 8324K [0x00000000eb500000, 0x00000000f0e00000, 0x0000000100000000)
  eden space 69120K, 0% used [0x00000000eb500000,0x00000000eb500000,0x00000000ef880000)
  from space 8704K, 95% used [0x00000000f0580000,0x00000000f0da11d8,0x00000000f0e00000)
  to   space 10752K, 0% used [0x00000000ef900000,0x00000000ef900000,0x00000000f0380000)
 ParOldGen       total 34304K, used 10803K [0x00000000c1e00000, 0x00000000c3f80000, 0x00000000eb500000)
  object space 34304K, 31% used [0x00000000c1e00000,0x00000000c288cda0,0x00000000c3f80000)
 Metaspace       used 34432K, capacity 34962K, committed 35416K, reserved 1079296K
  class space    used 4503K, capacity 4662K, committed 4736K, reserved 1048576K
}
Event: 9.730 GC heap before
{Heap before GC invocations=10 (full 1):
 PSYoungGen      total 77824K, used 23944K [0x00000000eb500000, 0x00000000f0e00000, 0x0000000100000000)
  eden space 69120K, 22% used [0x00000000eb500000,0x00000000ec441078,0x00000000ef880000)
  from space 8704K, 95% used [0x00000000f0580000,0x00000000f0da11d8,0x00000000f0e00000)
  to   space 10752K, 0% used [0x00000000ef900000,0x00000000ef900000,0x00000000f0380000)
 ParOldGen       total 34304K, used 10803K [0x00000000c1e00000, 0x00000000c3f80000, 0x00000000eb500000)
  object space 34304K, 31% used [0x00000000c1e00000,0x00000000c288cda0,0x00000000c3f80000)
 Metaspace       used 34628K, capacity 35090K, committed 35416K, reserved 1079296K
  class space    used 4527K, capacity 4662K, committed 4736K, reserved 1048576K
Event: 9.739 GC heap after
Heap after GC invocations=10 (full 1):
 PSYoungGen      total 80384K, used 8355K [0x00000000eb500000, 0x00000000f1e80000, 0x0000000100000000)
  eden space 69632K, 0% used [0x00000000eb500000,0x00000000eb500000,0x00000000ef900000)
  from space 10752K, 77% used [0x00000000ef900000,0x00000000f0128d50,0x00000000f0380000)
  to   space 11264K, 0% used [0x00000000f1380000,0x00000000f1380000,0x00000000f1e80000)
 ParOldGen       total 34304K, used 10811K [0x00000000c1e00000, 0x00000000c3f80000, 0x00000000eb500000)
  object space 34304K, 31% used [0x00000000c1e00000,0x00000000c288eda0,0x00000000c3f80000)
 Metaspace       used 34628K, capacity 35090K, committed 35416K, reserved 1079296K
  class space    used 4527K, capacity 4662K, committed 4736K, reserved 1048576K
}
Event: 9.739 GC heap before
{Heap before GC invocations=11 (full 2):
 PSYoungGen      total 80384K, used 8355K [0x00000000eb500000, 0x00000000f1e80000, 0x0000000100000000)
  eden space 69632K, 0% used [0x00000000eb500000,0x00000000eb500000,0x00000000ef900000)
  from space 10752K, 77% used [0x00000000ef900000,0x00000000f0128d50,0x00000000f0380000)
  to   space 11264K, 0% used [0x00000000f1380000,0x00000000f1380000,0x00000000f1e80000)
 ParOldGen       total 34304K, used 10811K [0x00000000c1e00000, 0x00000000c3f80000, 0x00000000eb500000)
  object space 34304K, 31% used [0x00000000c1e00000,0x00000000c288eda0,0x00000000c3f80000)
 Metaspace       used 34628K, capacity 35090K, committed 35416K, reserved 1079296K
  class space    used 4527K, capacity 4662K, committed 4736K, reserved 1048576K
Event: 9.808 GC heap after
Heap after GC invocations=11 (full 2):
 PSYoungGen      total 80384K, used 0K [0x00000000eb500000, 0x00000000f1e80000, 0x0000000100000000)
  eden space 69632K, 0% used [0x00000000eb500000,0x00000000eb500000,0x00000000ef900000)
  from space 10752K, 0% used [0x00000000ef900000,0x00000000ef900000,0x00000000f0380000)
  to   space 11264K, 0% used [0x00000000f1380000,0x00000000f1380000,0x00000000f1e80000)
 ParOldGen       total 54784K, used 13684K [0x00000000c1e00000, 0x00000000c5380000, 0x00000000eb500000)
  object space 54784K, 24% used [0x00000000c1e00000,0x00000000c2b5d120,0x00000000c5380000)
 Metaspace       used 34628K, capacity 35090K, committed 35416K, reserved 1079296K
  class space    used 4527K, capacity 4662K, committed 4736K, reserved 1048576K
}
Event: 10.610 GC heap before
{Heap before GC invocations=12 (full 2):
 PSYoungGen      total 80384K, used 69632K [0x00000000eb500000, 0x00000000f1e80000, 0x0000000100000000)
  eden space 69632K, 100% used [0x00000000eb500000,0x00000000ef900000,0x00000000ef900000)
  from space 10752K, 0% used [0x00000000ef900000,0x00000000ef900000,0x00000000f0380000)
  to   space 11264K, 0% used [0x00000000f1380000,0x00000000f1380000,0x00000000f1e80000)
 ParOldGen       total 54784K, used 13684K [0x00000000c1e00000, 0x00000000c5380000, 0x00000000eb500000)
  object space 54784K, 24% used [0x00000000c1e00000,0x00000000c2b5d120,0x00000000c5380000)
 Metaspace       used 37159K, capacity 37732K, committed 38104K, reserved 1083392K
  class space    used 4921K, capacity 5049K, committed 5120K, reserved 1048576K
Event: 10.658 GC heap after
Heap after GC invocations=12 (full 2):
 PSYoungGen      total 87040K, used 11236K [0x00000000eb500000, 0x00000000f3b00000, 0x0000000100000000)
  eden space 75776K, 0% used [0x00000000eb500000,0x00000000eb500000,0x00000000eff00000)
  from space 11264K, 99% used [0x00000000f1380000,0x00000000f1e792f8,0x00000000f1e80000)
  to   space 20992K, 0% used [0x00000000eff00000,0x00000000eff00000,0x00000000f1380000)
 ParOldGen       total 54784K, used 36870K [0x00000000c1e00000, 0x00000000c5380000, 0x00000000eb500000)
  object space 54784K, 67% used [0x00000000c1e00000,0x00000000c4201ba8,0x00000000c5380000)
 Metaspace       used 37159K, capacity 37732K, committed 38104K, reserved 1083392K
  class space    used 4921K, capacity 5049K, committed 5120K, reserved 1048576K
}

