# JRE version: Java(TM) SE Runtime Environment (8.0_181-b13) (build 1.8.0_181-b13)
# Java VM: Java HotSpot(TM) 64-Bit Server VM (25.181-b13 mixed mode windows-amd64 compressed oops)
Heap:
 PSYoungGen      total 18944K, used 9907K [0x00000000eb500000, 0x00000000eca00000, 0x0000000100000000)
  eden space 16384K, 60% used [0x00000000eb500000,0x00000000ebeacdf8,0x00000000ec500000)
  from space 2560K, 0% used [0x00000000ec500000,0x00000000ec500000,0x00000000ec780000)
  to   space 2560K, 0% used [0x00000000ec780000,0x00000000ec780000,0x00000000eca00000)
 ParOldGen       total 27648K, used 8031K [0x00000000c1e00000, 0x00000000c3900000, 0x00000000eb500000)
  object space 27648K, 29% used [0x00000000c1e00000,0x00000000c25d7d98,0x00000000c3900000)
 Metaspace       used 29614K, capacity 29959K, committed 30720K, reserved 1085440K
  class space    used 3879K, capacity 3989K, committed 4096K, reserved 1048576K
GC Heap History (10 events):
Event: 9.649 GC heap before
{Heap before GC invocations=39 (full 16):
 PSYoungGen      total 18944K, used 0K [0x00000000eb500000, 0x00000000eca00000, 0x0000000100000000)
  eden space 16384K, 0% used [0x00000000eb500000,0x00000000eb500000,0x00000000ec500000)
  from space 2560K, 0% used [0x00000000ec500000,0x00000000ec500000,0x00000000ec780000)
  to   space 2560K, 0% used [0x00000000ec780000,0x00000000ec780000,0x00000000eca00000)
 ParOldGen       total 27648K, used 8031K [0x00000000c1e00000, 0x00000000c3900000, 0x00000000eb500000)
  object space 27648K, 29% used [0x00000000c1e00000,0x00000000c25d7d98,0x00000000c3900000)
 Metaspace       used 29271K, capacity 29591K, committed 30208K, reserved 1087488K
  class space    used 3819K, capacity 3957K, committed 4096K, reserved 1048576K
Event: 9.674 GC heap after
Heap after GC invocations=39 (full 16):
 PSYoungGen      total 18944K, used 0K [0x00000000eb500000, 0x00000000eca00000, 0x0000000100000000)
  eden space 16384K, 0% used [0x00000000eb500000,0x00000000eb500000,0x00000000ec500000)
  from space 2560K, 0% used [0x00000000ec500000,0x00000000ec500000,0x00000000ec780000)
  to   space 2560K, 0% used [0x00000000ec780000,0x00000000ec780000,0x00000000eca00000)
 ParOldGen       total 27648K, used 8031K [0x00000000c1e00000, 0x00000000c3900000, 0x00000000eb500000)
  object space 27648K, 29% used [0x00000000c1e00000,0x00000000c25d7d98,0x00000000c3900000)
 Metaspace       used 29271K, capacity 29591K, committed 30208K, reserved 1083392K
  class space    used 3819K, capacity 3957K, committed 4096K, reserved 1048576K
}
Event: 9.674 GC heap before
{Heap before GC invocations=40 (full 16):
 PSYoungGen      total 18944K, used 0K [0x00000000eb500000, 0x00000000eca00000, 0x0000000100000000)
  eden space 16384K, 0% used [0x00000000eb500000,0x00000000eb500000,0x00000000ec500000)
  from space 2560K, 0% used [0x00000000ec500000,0x00000000ec500000,0x00000000ec780000)
  to   space 2560K, 0% used [0x00000000ec780000,0x00000000ec780000,0x00000000eca00000)
 ParOldGen       total 27648K, used 8031K [0x00000000c1e00000, 0x00000000c3900000, 0x00000000eb500000)
  object space 27648K, 29% used [0x00000000c1e00000,0x00000000c25d7d98,0x00000000c3900000)
 Metaspace       used 29271K, capacity 29591K, committed 30208K, reserved 1089536K
  class space    used 3819K, capacity 3957K, committed 4096K, reserved 1048576K
Event: 9.675 GC heap after
Heap after GC invocations=40 (full 16):
 PSYoungGen      total 18944K, used 0K [0x00000000eb500000, 0x00000000eca00000, 0x0000000100000000)
  eden space 16384K, 0% used [0x00000000eb500000,0x00000000eb500000,0x00000000ec500000)
  from space 2560K, 0% used [0x00000000ec780000,0x00000000ec780000,0x00000000eca00000)
  to   space 2560K, 0% used [0x00000000ec500000,0x00000000ec500000,0x00000000ec780000)
 ParOldGen       total 27648K, used 8031K [0x00000000c1e00000, 0x00000000c3900000, 0x00000000eb500000)
  object space 27648K, 29% used [0x00000000c1e00000,0x00000000c25d7d98,0x00000000c3900000)
 Metaspace       used 29271K, capacity 29591K, committed 30208K, reserved 1089536K
  class space    used 3819K, capacity 3957K, committed 4096K, reserved 1048576K
}
Event: 9.675 GC heap before
{Heap before GC invocations=41 (full 17):
 PSYoungGen      total 18944K, used 0K [0x00000000eb500000, 0x00000000eca00000, 0x0000000100000000)
  eden space 16384K, 0% used [0x00000000eb500000,0x00000000eb500000,0x00000000ec500000)
  from space 2560K, 0% used [0x00000000ec780000,0x00000000ec780000,0x00000000eca00000)
  to   space 2560K, 0% used [0x00000000ec500000,0x00000000ec500000,0x00000000ec780000)
 ParOldGen       total 27648K, used 8031K [0x00000000c1e00000, 0x00000000c3900000, 0x00000000eb500000)
  object space 27648K, 29% used [0x00000000c1e00000,0x00000000c25d7d98,0x00000000c3900000)
 Metaspace       used 29271K, capacity 29591K, committed 30208K, reserved 1089536K
  class space    used 3819K, capacity 3957K, committed 4096K, reserved 1048576K
Event: 9.699 GC heap after
Heap after GC invocations=41 (full 17):
 PSYoungGen      total 18944K, used 0K [0x00000000eb500000, 0x00000000eca00000, 0x0000000100000000)
  eden space 16384K, 0% used [0x00000000eb500000,0x00000000eb500000,0x00000000ec500000)
  from space 2560K, 0% used [0x00000000ec780000,0x00000000ec780000,0x00000000eca00000)
  to   space 2560K, 0% used [0x00000000ec500000,0x00000000ec500000,0x00000000ec780000)
 ParOldGen       total 27648K, used 8031K [0x00000000c1e00000, 0x00000000c3900000, 0x00000000eb500000)
  object space 27648K, 29% used [0x00000000c1e00000,0x00000000c25d7d98,0x00000000c3900000)
 Metaspace       used 29271K, capacity 29591K, committed 30208K, reserved 1083392K
  class space    used 3819K, capacity 3957K, committed 4096K, reserved 1048576K
}
Event: 9.700 GC heap before
{Heap before GC invocations=42 (full 17):
 PSYoungGen      total 18944K, used 0K [0x00000000eb500000, 0x00000000eca00000, 0x0000000100000000)
  eden space 16384K, 0% used [0x00000000eb500000,0x00000000eb500000,0x00000000ec500000)
  from space 2560K, 0% used [0x00000000ec780000,0x00000000ec780000,0x00000000eca00000)
  to   space 2560K, 0% used [0x00000000ec500000,0x00000000ec500000,0x00000000ec780000)
 ParOldGen       total 27648K, used 8031K [0x00000000c1e00000, 0x00000000c3900000, 0x00000000eb500000)
  object space 27648K, 29% used [0x00000000c1e00000,0x00000000c25d7d98,0x00000000c3900000)
 Metaspace       used 29271K, capacity 29591K, committed 30208K, reserved 1087488K
  class space    used 3819K, capacity 3957K, committed 4096K, reserved 1048576K
Event: 9.701 GC heap after
Heap after GC invocations=42 (full 17):
 PSYoungGen      total 18944K, used 0K [0x00000000eb500000, 0x00000000eca00000, 0x0000000100000000)
  eden space 16384K, 0% used [0x00000000eb500000,0x00000000eb500000,0x00000000ec500000)
  from space 2560K, 0% used [0x00000000ec500000,0x00000000ec500000,0x00000000ec780000)
  to   space 2560K, 0% used [0x00000000ec780000,0x00000000ec780000,0x00000000eca00000)
 ParOldGen       total 27648K, used 8031K [0x00000000c1e00000, 0x00000000c3900000, 0x00000000eb500000)
  object space 27648K, 29% used [0x00000000c1e00000,0x00000000c25d7d98,0x00000000c3900000)
 Metaspace       used 29271K, capacity 29591K, committed 30208K, reserved 1087488K
  class space    used 3819K, capacity 3957K, committed 4096K, reserved 1048576K
}
Event: 9.701 GC heap before
{Heap before GC invocations=43 (full 18):
 PSYoungGen      total 18944K, used 0K [0x00000000eb500000, 0x00000000eca00000, 0x0000000100000000)
  eden space 16384K, 0% used [0x00000000eb500000,0x00000000eb500000,0x00000000ec500000)
  from space 2560K, 0% used [0x00000000ec500000,0x00000000ec500000,0x00000000ec780000)
  to   space 2560K, 0% used [0x00000000ec780000,0x00000000ec780000,0x00000000eca00000)
 ParOldGen       total 27648K, used 8031K [0x00000000c1e00000, 0x00000000c3900000, 0x00000000eb500000)
  object space 27648K, 29% used [0x00000000c1e00000,0x00000000c25d7d98,0x00000000c3900000)
 Metaspace       used 29271K, capacity 29591K, committed 30208K, reserved 1087488K
  class space    used 3819K, capacity 3957K, committed 4096K, reserved 1048576K
Event: 9.725 GC heap after
Heap after GC invocations=43 (full 18):
 PSYoungGen      total 18944K, used 0K [0x00000000eb500000, 0x00000000eca00000, 0x0000000100000000)
  eden space 16384K, 0% used [0x00000000eb500000,0x00000000eb500000,0x00000000ec500000)
  from space 2560K, 0% used [0x00000000ec500000,0x00000000ec500000,0x00000000ec780000)
  to   space 2560K, 0% used [0x00000000ec780000,0x00000000ec780000,0x00000000eca00000)
 ParOldGen       total 27648K, used 8031K [0x00000000c1e00000, 0x00000000c3900000, 0x00000000eb500000)
  object space 27648K, 29% used [0x00000000c1e00000,0x00000000c25d7d98,0x00000000c3900000)
 Metaspace       used 29271K, capacity 29591K, committed 30208K, reserved 1083392K
  class space    used 3819K, capacity 3957K, committed 4096K, reserved 1048576K
}

