# JRE version: Java(TM) SE Runtime Environment (8.0_181-b13) (build 1.8.0_181-b13)
# Java VM: Java HotSpot(TM) 64-Bit Server VM (25.181-b13 mixed mode windows-amd64 compressed oops)
Heap:
 PSYoungGen      total 113152K, used 51784K [0x00000000eb500000, 0x00000000f5480000, 0x0000000100000000)
  eden space 101888K, 50% used [0x00000000eb500000,0x00000000ee792320,0x00000000f1880000)
  from space 11264K, 0% used [0x00000000f1880000,0x00000000f1880000,0x00000000f2380000)
  to   space 10752K, 0% used [0x00000000f4a00000,0x00000000f4a00000,0x00000000f5480000)
 ParOldGen       total 59392K, used 59386K [0x00000000c1e00000, 0x00000000c5800000, 0x00000000eb500000)
  object space 59392K, 99% used [0x00000000c1e00000,0x00000000c57fe910,0x00000000c5800000)
 Metaspace       used 37331K, capacity 37826K, committed 38360K, reserved 1083392K
  class space    used 4936K, capacity 5080K, committed 5120K, reserved 1048576K
GC Heap History (10 events):
Event: 8.157 GC heap before
{Heap before GC invocations=9 (full 1):
 PSYoungGen      total 71168K, used 71163K [0x00000000eb500000, 0x00000000f2d00000, 0x0000000100000000)
  eden space 64000K, 100% used [0x00000000eb500000,0x00000000ef380000,0x00000000ef380000)
  from space 7168K, 99% used [0x00000000ef380000,0x00000000efa7ecd0,0x00000000efa80000)
  to   space 9728K, 0% used [0x00000000f2380000,0x00000000f2380000,0x00000000f2d00000)
 ParOldGen       total 28160K, used 7810K [0x00000000c1e00000, 0x00000000c3980000, 0x00000000eb500000)
  object space 28160K, 27% used [0x00000000c1e00000,0x00000000c25a0b90,0x00000000c3980000)
 Metaspace       used 34426K, capacity 34966K, committed 35416K, reserved 1079296K
  class space    used 4502K, capacity 4662K, committed 4736K, reserved 1048576K
Event: 8.169 GC heap after
Heap after GC invocations=9 (full 1):
 PSYoungGen      total 111616K, used 9697K [0x00000000eb500000, 0x00000000f3580000, 0x0000000100000000)
  eden space 101888K, 0% used [0x00000000eb500000,0x00000000eb500000,0x00000000f1880000)
  from space 9728K, 99% used [0x00000000f2380000,0x00000000f2cf87a8,0x00000000f2d00000)
  to   space 11264K, 0% used [0x00000000f1880000,0x00000000f1880000,0x00000000f2380000)
 ParOldGen       total 28160K, used 7913K [0x00000000c1e00000, 0x00000000c3980000, 0x00000000eb500000)
  object space 28160K, 28% used [0x00000000c1e00000,0x00000000c25ba578,0x00000000c3980000)
 Metaspace       used 34426K, capacity 34966K, committed 35416K, reserved 1079296K
  class space    used 4502K, capacity 4662K, committed 4736K, reserved 1048576K
}
Event: 9.471 GC heap before
{Heap before GC invocations=10 (full 1):
 PSYoungGen      total 111616K, used 30175K [0x00000000eb500000, 0x00000000f3580000, 0x0000000100000000)
  eden space 101888K, 20% used [0x00000000eb500000,0x00000000ec8ff4a8,0x00000000f1880000)
  from space 9728K, 99% used [0x00000000f2380000,0x00000000f2cf87a8,0x00000000f2d00000)
  to   space 11264K, 0% used [0x00000000f1880000,0x00000000f1880000,0x00000000f2380000)
 ParOldGen       total 28160K, used 7913K [0x00000000c1e00000, 0x00000000c3980000, 0x00000000eb500000)
  object space 28160K, 28% used [0x00000000c1e00000,0x00000000c25ba578,0x00000000c3980000)
 Metaspace       used 34634K, capacity 35094K, committed 35416K, reserved 1079296K
  class space    used 4527K, capacity 4662K, committed 4736K, reserved 1048576K
Event: 9.480 GC heap after
Heap after GC invocations=10 (full 1):
 PSYoungGen      total 113152K, used 4612K [0x00000000eb500000, 0x00000000f5480000, 0x0000000100000000)
  eden space 101888K, 0% used [0x00000000eb500000,0x00000000eb500000,0x00000000f1880000)
  from space 11264K, 40% used [0x00000000f1880000,0x00000000f1d01338,0x00000000f2380000)
  to   space 10752K, 0% used [0x00000000f4a00000,0x00000000f4a00000,0x00000000f5480000)
 ParOldGen       total 28160K, used 10803K [0x00000000c1e00000, 0x00000000c3980000, 0x00000000eb500000)
  object space 28160K, 38% used [0x00000000c1e00000,0x00000000c288cd90,0x00000000c3980000)
 Metaspace       used 34634K, capacity 35094K, committed 35416K, reserved 1079296K
  class space    used 4527K, capacity 4662K, committed 4736K, reserved 1048576K
}
Event: 9.480 GC heap before
{Heap before GC invocations=11 (full 2):
 PSYoungGen      total 113152K, used 4612K [0x00000000eb500000, 0x00000000f5480000, 0x0000000100000000)
  eden space 101888K, 0% used [0x00000000eb500000,0x00000000eb500000,0x00000000f1880000)
  from space 11264K, 40% used [0x00000000f1880000,0x00000000f1d01338,0x00000000f2380000)
  to   space 10752K, 0% used [0x00000000f4a00000,0x00000000f4a00000,0x00000000f5480000)
 ParOldGen       total 28160K, used 10803K [0x00000000c1e00000, 0x00000000c3980000, 0x00000000eb500000)
  object space 28160K, 38% used [0x00000000c1e00000,0x00000000c288cd90,0x00000000c3980000)
 Metaspace       used 34634K, capacity 35094K, committed 35416K, reserved 1079296K
  class space    used 4527K, capacity 4662K, committed 4736K, reserved 1048576K
Event: 9.537 GC heap after
Heap after GC invocations=11 (full 2):
 PSYoungGen      total 113152K, used 0K [0x00000000eb500000, 0x00000000f5480000, 0x0000000100000000)
  eden space 101888K, 0% used [0x00000000eb500000,0x00000000eb500000,0x00000000f1880000)
  from space 11264K, 0% used [0x00000000f1880000,0x00000000f1880000,0x00000000f2380000)
  to   space 10752K, 0% used [0x00000000f4a00000,0x00000000f4a00000,0x00000000f5480000)
 ParOldGen       total 42496K, used 12308K [0x00000000c1e00000, 0x00000000c4780000, 0x00000000eb500000)
  object space 42496K, 28% used [0x00000000c1e00000,0x00000000c2a050e8,0x00000000c4780000)
 Metaspace       used 34634K, capacity 35094K, committed 35416K, reserved 1079296K
  class space    used 4527K, capacity 4662K, committed 4736K, reserved 1048576K
}
Event: 10.479 GC heap before
{Heap before GC invocations=12 (full 2):
 PSYoungGen      total 113152K, used 101888K [0x00000000eb500000, 0x00000000f5480000, 0x0000000100000000)
  eden space 101888K, 100% used [0x00000000eb500000,0x00000000f1880000,0x00000000f1880000)
  from space 11264K, 0% used [0x00000000f1880000,0x00000000f1880000,0x00000000f2380000)
  to   space 10752K, 0% used [0x00000000f4a00000,0x00000000f4a00000,0x00000000f5480000)
 ParOldGen       total 42496K, used 12308K [0x00000000c1e00000, 0x00000000c4780000, 0x00000000eb500000)
  object space 42496K, 28% used [0x00000000c1e00000,0x00000000c2a050e8,0x00000000c4780000)
 Metaspace       used 37274K, capacity 37768K, committed 38104K, reserved 1083392K
  class space    used 4932K, capacity 5081K, committed 5120K, reserved 1048576K
Event: 10.578 GC heap after
Heap after GC invocations=12 (full 2):
 PSYoungGen      total 113152K, used 101888K [0x00000000eb500000, 0x00000000f5480000, 0x0000000100000000)
  eden space 101888K, 100% used [0x00000000eb500000,0x00000000f1880000,0x00000000f1880000)
  from space 11264K, 0% used [0x00000000f1880000,0x00000000f1880000,0x00000000f2380000)
  to   space 10752K, 99% used [0x00000000f4a00000,0x00000000f547fcb8,0x00000000f5480000)
 ParOldGen       total 59392K, used 59384K [0x00000000c1e00000, 0x00000000c5800000, 0x00000000eb500000)
  object space 59392K, 99% used [0x00000000c1e00000,0x00000000c57fe368,0x00000000c5800000)
 Metaspace       used 37274K, capacity 37768K, committed 38104K, reserved 1083392K
  class space    used 4932K, capacity 5081K, committed 5120K, reserved 1048576K
}
Event: 10.578 GC heap before
{Heap before GC invocations=13 (full 3):
 PSYoungGen      total 113152K, used 101888K [0x00000000eb500000, 0x00000000f5480000, 0x0000000100000000)
  eden space 101888K, 100% used [0x00000000eb500000,0x00000000f1880000,0x00000000f1880000)
  from space 11264K, 0% used [0x00000000f1880000,0x00000000f1880000,0x00000000f2380000)
  to   space 10752K, 99% used [0x00000000f4a00000,0x00000000f547fcb8,0x00000000f5480000)
 ParOldGen       total 59392K, used 59384K [0x00000000c1e00000, 0x00000000c5800000, 0x00000000eb500000)
  object space 59392K, 99% used [0x00000000c1e00000,0x00000000c57fe368,0x00000000c5800000)
 Metaspace       used 37274K, capacity 37768K, committed 38104K, reserved 1083392K
  class space    used 4932K, capacity 5081K, committed 5120K, reserved 1048576K
Event: 11.299 GC heap after
Heap after GC invocations=13 (full 3):
 PSYoungGen      total 113152K, used 10916K [0x00000000eb500000, 0x00000000f5480000, 0x0000000100000000)
  eden space 101888K, 10% used [0x00000000eb500000,0x00000000ebfa93e8,0x00000000f1880000)
  from space 11264K, 0% used [0x00000000f1880000,0x00000000f1880000,0x00000000f2380000)
  to   space 10752K, 0% used [0x00000000f4a00000,0x00000000f4a00000,0x00000000f5480000)
 ParOldGen       total 59392K, used 59386K [0x00000000c1e00000, 0x00000000c5800000, 0x00000000eb500000)
  object space 59392K, 99% used [0x00000000c1e00000,0x00000000c57fe910,0x00000000c5800000)
 Metaspace       used 37272K, capacity 37762K, committed 38104K, reserved 1083392K
  class space    used 4932K, capacity 5080K, committed 5120K, reserved 1048576K
}

