# JRE version: Java(TM) SE Runtime Environment (8.0_181-b13) (build 1.8.0_181-b13)
# Java VM: Java HotSpot(TM) 64-Bit Server VM (25.181-b13 mixed mode windows-amd64 compressed oops)
Heap:
 PSYoungGen      total 109568K, used 91535K [0x00000000eb500000, 0x00000000f4e00000, 0x0000000100000000)
  eden space 98816K, 92% used [0x00000000eb500000,0x00000000f0e63e60,0x00000000f1580000)
  from space 10752K, 0% used [0x00000000f4380000,0x00000000f4380000,0x00000000f4e00000)
  to   space 10752K, 0% used [0x00000000f1580000,0x00000000f1580000,0x00000000f2000000)
 ParOldGen       total 58880K, used 58735K [0x00000000c1e00000, 0x00000000c5780000, 0x00000000eb500000)
  object space 58880K, 99% used [0x00000000c1e00000,0x00000000c575be08,0x00000000c5780000)
 Metaspace       used 37598K, capacity 38102K, committed 38616K, reserved 1083392K
  class space    used 4931K, capacity 5068K, committed 5120K, reserved 1048576K
GC Heap History (10 events):
Event: 9.895 GC heap before
{Heap before GC invocations=10 (full 1):
 PSYoungGen      total 108544K, used 31827K [0x00000000eb500000, 0x00000000f3300000, 0x0000000100000000)
  eden space 98816K, 22% used [0x00000000eb500000,0x00000000ecafdbb8,0x00000000f1580000)
  from space 9728K, 95% used [0x00000000f2000000,0x00000000f2917288,0x00000000f2980000)
  to   space 10752K, 0% used [0x00000000f1580000,0x00000000f1580000,0x00000000f2000000)
 ParOldGen       total 29696K, used 7620K [0x00000000c1e00000, 0x00000000c3b00000, 0x00000000eb500000)
  object space 29696K, 25% used [0x00000000c1e00000,0x00000000c2571268,0x00000000c3b00000)
 Metaspace       used 34671K, capacity 35110K, committed 35416K, reserved 1079296K
  class space    used 4522K, capacity 4650K, committed 4736K, reserved 1048576K
Event: 9.903 GC heap after
Heap after GC invocations=10 (full 1):
 PSYoungGen      total 109568K, used 4661K [0x00000000eb500000, 0x00000000f4e00000, 0x0000000100000000)
  eden space 98816K, 0% used [0x00000000eb500000,0x00000000eb500000,0x00000000f1580000)
  from space 10752K, 43% used [0x00000000f1580000,0x00000000f1a0d568,0x00000000f2000000)
  to   space 10752K, 0% used [0x00000000f4380000,0x00000000f4380000,0x00000000f4e00000)
 ParOldGen       total 29696K, used 10118K [0x00000000c1e00000, 0x00000000c3b00000, 0x00000000eb500000)
  object space 29696K, 34% used [0x00000000c1e00000,0x00000000c27e1a70,0x00000000c3b00000)
 Metaspace       used 34671K, capacity 35110K, committed 35416K, reserved 1079296K
  class space    used 4522K, capacity 4650K, committed 4736K, reserved 1048576K
}
Event: 9.903 GC heap before
{Heap before GC invocations=11 (full 2):
 PSYoungGen      total 109568K, used 4661K [0x00000000eb500000, 0x00000000f4e00000, 0x0000000100000000)
  eden space 98816K, 0% used [0x00000000eb500000,0x00000000eb500000,0x00000000f1580000)
  from space 10752K, 43% used [0x00000000f1580000,0x00000000f1a0d568,0x00000000f2000000)
  to   space 10752K, 0% used [0x00000000f4380000,0x00000000f4380000,0x00000000f4e00000)
 ParOldGen       total 29696K, used 10118K [0x00000000c1e00000, 0x00000000c3b00000, 0x00000000eb500000)
  object space 29696K, 34% used [0x00000000c1e00000,0x00000000c27e1a70,0x00000000c3b00000)
 Metaspace       used 34671K, capacity 35110K, committed 35416K, reserved 1079296K
  class space    used 4522K, capacity 4650K, committed 4736K, reserved 1048576K
Event: 9.954 GC heap after
Heap after GC invocations=11 (full 2):
 PSYoungGen      total 109568K, used 0K [0x00000000eb500000, 0x00000000f4e00000, 0x0000000100000000)
  eden space 98816K, 0% used [0x00000000eb500000,0x00000000eb500000,0x00000000f1580000)
  from space 10752K, 0% used [0x00000000f1580000,0x00000000f1580000,0x00000000f2000000)
  to   space 10752K, 0% used [0x00000000f4380000,0x00000000f4380000,0x00000000f4e00000)
 ParOldGen       total 44032K, used 12363K [0x00000000c1e00000, 0x00000000c4900000, 0x00000000eb500000)
  object space 44032K, 28% used [0x00000000c1e00000,0x00000000c2a12f40,0x00000000c4900000)
 Metaspace       used 34671K, capacity 35110K, committed 35416K, reserved 1079296K
  class space    used 4522K, capacity 4650K, committed 4736K, reserved 1048576K
}
Event: 10.908 GC heap before
{Heap before GC invocations=12 (full 2):
 PSYoungGen      total 109568K, used 98816K [0x00000000eb500000, 0x00000000f4e00000, 0x0000000100000000)
  eden space 98816K, 100% used [0x00000000eb500000,0x00000000f1580000,0x00000000f1580000)
  from space 10752K, 0% used [0x00000000f1580000,0x00000000f1580000,0x00000000f2000000)
  to   space 10752K, 0% used [0x00000000f4380000,0x00000000f4380000,0x00000000f4e00000)
 ParOldGen       total 44032K, used 12363K [0x00000000c1e00000, 0x00000000c4900000, 0x00000000eb500000)
  object space 44032K, 28% used [0x00000000c1e00000,0x00000000c2a12f40,0x00000000c4900000)
 Metaspace       used 37082K, capacity 37622K, committed 38104K, reserved 1083392K
  class space    used 4897K, capacity 5036K, committed 5120K, reserved 1048576K
Event: 10.979 GC heap after
Heap after GC invocations=12 (full 2):
 PSYoungGen      total 109568K, used 10722K [0x00000000eb500000, 0x00000000f4e00000, 0x0000000100000000)
  eden space 98816K, 0% used [0x00000000eb500000,0x00000000eb500000,0x00000000f1580000)
  from space 10752K, 99% used [0x00000000f4380000,0x00000000f4df89c8,0x00000000f4e00000)
  to   space 10752K, 0% used [0x00000000f1580000,0x00000000f1580000,0x00000000f2000000)
 ParOldGen       total 58880K, used 58603K [0x00000000c1e00000, 0x00000000c5780000, 0x00000000eb500000)
  object space 58880K, 99% used [0x00000000c1e00000,0x00000000c573ae90,0x00000000c5780000)
 Metaspace       used 37082K, capacity 37622K, committed 38104K, reserved 1083392K
  class space    used 4897K, capacity 5036K, committed 5120K, reserved 1048576K
}
Event: 10.979 GC heap before
{Heap before GC invocations=13 (full 3):
 PSYoungGen      total 109568K, used 10722K [0x00000000eb500000, 0x00000000f4e00000, 0x0000000100000000)
  eden space 98816K, 0% used [0x00000000eb500000,0x00000000eb500000,0x00000000f1580000)
  from space 10752K, 99% used [0x00000000f4380000,0x00000000f4df89c8,0x00000000f4e00000)
  to   space 10752K, 0% used [0x00000000f1580000,0x00000000f1580000,0x00000000f2000000)
 ParOldGen       total 58880K, used 58603K [0x00000000c1e00000, 0x00000000c5780000, 0x00000000eb500000)
  object space 58880K, 99% used [0x00000000c1e00000,0x00000000c573ae90,0x00000000c5780000)
 Metaspace       used 37082K, capacity 37622K, committed 38104K, reserved 1083392K
  class space    used 4897K, capacity 5036K, committed 5120K, reserved 1048576K
Event: 11.707 GC heap after
Heap after GC invocations=13 (full 3):
 PSYoungGen      total 109568K, used 9977K [0x00000000eb500000, 0x00000000f4e00000, 0x0000000100000000)
  eden space 98816K, 0% used [0x00000000eb500000,0x00000000eb500000,0x00000000f1580000)
  from space 10752K, 92% used [0x00000000f4380000,0x00000000f4d3e678,0x00000000f4e00000)
  to   space 10752K, 0% used [0x00000000f1580000,0x00000000f1580000,0x00000000f2000000)
 ParOldGen       total 58880K, used 58595K [0x00000000c1e00000, 0x00000000c5780000, 0x00000000eb500000)
  object space 58880K, 99% used [0x00000000c1e00000,0x00000000c5738d98,0x00000000c5780000)
 Metaspace       used 37082K, capacity 37622K, committed 38104K, reserved 1083392K
  class space    used 4897K, capacity 5036K, committed 5120K, reserved 1048576K
}
Event: 12.328 GC heap before
{Heap before GC invocations=14 (full 4):
 PSYoungGen      total 109568K, used 108793K [0x00000000eb500000, 0x00000000f4e00000, 0x0000000100000000)
  eden space 98816K, 100% used [0x00000000eb500000,0x00000000f1580000,0x00000000f1580000)
  from space 10752K, 92% used [0x00000000f4380000,0x00000000f4d3e678,0x00000000f4e00000)
  to   space 10752K, 0% used [0x00000000f1580000,0x00000000f1580000,0x00000000f2000000)
 ParOldGen       total 58880K, used 58595K [0x00000000c1e00000, 0x00000000c5780000, 0x00000000eb500000)
  object space 58880K, 99% used [0x00000000c1e00000,0x00000000c5738d98,0x00000000c5780000)
 Metaspace       used 37145K, capacity 37686K, committed 38104K, reserved 1083392K
  class space    used 4902K, capacity 5036K, committed 5120K, reserved 1048576K
Event: 12.775 GC heap after
Heap after GC invocations=14 (full 4):
 PSYoungGen      total 109568K, used 37770K [0x00000000eb500000, 0x00000000f4e00000, 0x0000000100000000)
  eden space 98816K, 38% used [0x00000000eb500000,0x00000000ed9e2a10,0x00000000f1580000)
  from space 10752K, 0% used [0x00000000f4380000,0x00000000f4380000,0x00000000f4e00000)
  to   space 10752K, 0% used [0x00000000f1580000,0x00000000f1580000,0x00000000f2000000)
 ParOldGen       total 58880K, used 58735K [0x00000000c1e00000, 0x00000000c5780000, 0x00000000eb500000)
  object space 58880K, 99% used [0x00000000c1e00000,0x00000000c575be08,0x00000000c5780000)
 Metaspace       used 37145K, capacity 37686K, committed 38104K, reserved 1083392K
  class space    used 4902K, capacity 5036K, committed 5120K, reserved 1048576K
}

