# JRE version: Java(TM) SE Runtime Environment (8.0_181-b13) (build 1.8.0_181-b13)
# Java VM: Java HotSpot(TM) 64-Bit Server VM (25.181-b13 mixed mode windows-amd64 compressed oops)
Heap:
 PSYoungGen      total 126464K, used 55350K [0x00000000eb500000, 0x00000000f7c00000, 0x0000000100000000)
  eden space 116224K, 39% used [0x00000000eb500000,0x00000000ee1d45e0,0x00000000f2680000)
  from space 10240K, 92% used [0x00000000f4380000,0x00000000f4cb9300,0x00000000f4d80000)
  to   space 29696K, 0% used [0x00000000f2680000,0x00000000f2680000,0x00000000f4380000)
 ParOldGen       total 124416K, used 62250K [0x00000000c1e00000, 0x00000000c9780000, 0x00000000eb500000)
  object space 124416K, 50% used [0x00000000c1e00000,0x00000000c5acab50,0x00000000c9780000)
 Metaspace       used 36885K, capacity 37412K, committed 37848K, reserved 1081344K
  class space    used 4877K, capacity 5033K, committed 5120K, reserved 1048576K
GC Heap History (10 events):
Event: 8.641 GC heap before
{Heap before GC invocations=9 (full 1):
 PSYoungGen      total 71680K, used 71669K [0x00000000eb500000, 0x00000000f2880000, 0x0000000100000000)
  eden space 65024K, 100% used [0x00000000eb500000,0x00000000ef480000,0x00000000ef480000)
  from space 6656K, 99% used [0x00000000ef480000,0x00000000efafd728,0x00000000efb00000)
  to   space 9216K, 0% used [0x00000000f1f80000,0x00000000f1f80000,0x00000000f2880000)
 ParOldGen       total 29184K, used 8096K [0x00000000c1e00000, 0x00000000c3a80000, 0x00000000eb500000)
  object space 29184K, 27% used [0x00000000c1e00000,0x00000000c25e8118,0x00000000c3a80000)
 Metaspace       used 33926K, capacity 34424K, committed 34816K, reserved 1079296K
  class space    used 4441K, capacity 4551K, committed 4608K, reserved 1048576K
Event: 8.652 GC heap after
Heap after GC invocations=9 (full 1):
 PSYoungGen      total 108032K, used 9019K [0x00000000eb500000, 0x00000000f3300000, 0x0000000100000000)
  eden space 98816K, 0% used [0x00000000eb500000,0x00000000eb500000,0x00000000f1580000)
  from space 9216K, 97% used [0x00000000f1f80000,0x00000000f284ef08,0x00000000f2880000)
  to   space 10240K, 0% used [0x00000000f1580000,0x00000000f1580000,0x00000000f1f80000)
 ParOldGen       total 29184K, used 8104K [0x00000000c1e00000, 0x00000000c3a80000, 0x00000000eb500000)
  object space 29184K, 27% used [0x00000000c1e00000,0x00000000c25ea118,0x00000000c3a80000)
 Metaspace       used 33926K, capacity 34424K, committed 34816K, reserved 1079296K
  class space    used 4441K, capacity 4551K, committed 4608K, reserved 1048576K
}
Event: 9.633 GC heap before
{Heap before GC invocations=10 (full 1):
 PSYoungGen      total 108032K, used 27783K [0x00000000eb500000, 0x00000000f3300000, 0x0000000100000000)
  eden space 98816K, 18% used [0x00000000eb500000,0x00000000ec752e28,0x00000000f1580000)
  from space 9216K, 97% used [0x00000000f1f80000,0x00000000f284ef08,0x00000000f2880000)
  to   space 10240K, 0% used [0x00000000f1580000,0x00000000f1580000,0x00000000f1f80000)
 ParOldGen       total 29184K, used 8104K [0x00000000c1e00000, 0x00000000c3a80000, 0x00000000eb500000)
  object space 29184K, 27% used [0x00000000c1e00000,0x00000000c25ea118,0x00000000c3a80000)
 Metaspace       used 34588K, capacity 35032K, committed 35416K, reserved 1079296K
  class space    used 4523K, capacity 4647K, committed 4736K, reserved 1048576K
Event: 9.642 GC heap after
Heap after GC invocations=10 (full 1):
 PSYoungGen      total 109056K, used 4835K [0x00000000eb500000, 0x00000000f4d80000, 0x0000000100000000)
  eden space 98816K, 0% used [0x00000000eb500000,0x00000000eb500000,0x00000000f1580000)
  from space 10240K, 47% used [0x00000000f1580000,0x00000000f1a38cd8,0x00000000f1f80000)
  to   space 10240K, 0% used [0x00000000f4380000,0x00000000f4380000,0x00000000f4d80000)
 ParOldGen       total 29184K, used 10654K [0x00000000c1e00000, 0x00000000c3a80000, 0x00000000eb500000)
  object space 29184K, 36% used [0x00000000c1e00000,0x00000000c2867940,0x00000000c3a80000)
 Metaspace       used 34588K, capacity 35032K, committed 35416K, reserved 1079296K
  class space    used 4523K, capacity 4647K, committed 4736K, reserved 1048576K
}
Event: 9.642 GC heap before
{Heap before GC invocations=11 (full 2):
 PSYoungGen      total 109056K, used 4835K [0x00000000eb500000, 0x00000000f4d80000, 0x0000000100000000)
  eden space 98816K, 0% used [0x00000000eb500000,0x00000000eb500000,0x00000000f1580000)
  from space 10240K, 47% used [0x00000000f1580000,0x00000000f1a38cd8,0x00000000f1f80000)
  to   space 10240K, 0% used [0x00000000f4380000,0x00000000f4380000,0x00000000f4d80000)
 ParOldGen       total 29184K, used 10654K [0x00000000c1e00000, 0x00000000c3a80000, 0x00000000eb500000)
  object space 29184K, 36% used [0x00000000c1e00000,0x00000000c2867940,0x00000000c3a80000)
 Metaspace       used 34588K, capacity 35032K, committed 35416K, reserved 1079296K
  class space    used 4523K, capacity 4647K, committed 4736K, reserved 1048576K
Event: 9.693 GC heap after
Heap after GC invocations=11 (full 2):
 PSYoungGen      total 109056K, used 0K [0x00000000eb500000, 0x00000000f4d80000, 0x0000000100000000)
  eden space 98816K, 0% used [0x00000000eb500000,0x00000000eb500000,0x00000000f1580000)
  from space 10240K, 0% used [0x00000000f1580000,0x00000000f1580000,0x00000000f1f80000)
  to   space 10240K, 0% used [0x00000000f4380000,0x00000000f4380000,0x00000000f4d80000)
 ParOldGen       total 44032K, used 12529K [0x00000000c1e00000, 0x00000000c4900000, 0x00000000eb500000)
  object space 44032K, 28% used [0x00000000c1e00000,0x00000000c2a3c7b8,0x00000000c4900000)
 Metaspace       used 34588K, capacity 35032K, committed 35416K, reserved 1079296K
  class space    used 4523K, capacity 4647K, committed 4736K, reserved 1048576K
}
Event: 10.645 GC heap before
{Heap before GC invocations=12 (full 2):
 PSYoungGen      total 109056K, used 98816K [0x00000000eb500000, 0x00000000f4d80000, 0x0000000100000000)
  eden space 98816K, 100% used [0x00000000eb500000,0x00000000f1580000,0x00000000f1580000)
  from space 10240K, 0% used [0x00000000f1580000,0x00000000f1580000,0x00000000f1f80000)
  to   space 10240K, 0% used [0x00000000f4380000,0x00000000f4380000,0x00000000f4d80000)
 ParOldGen       total 44032K, used 12529K [0x00000000c1e00000, 0x00000000c4900000, 0x00000000eb500000)
  object space 44032K, 28% used [0x00000000c1e00000,0x00000000c2a3c7f8,0x00000000c4900000)
 Metaspace       used 36828K, capacity 37354K, committed 37848K, reserved 1081344K
  class space    used 4874K, capacity 5034K, committed 5120K, reserved 1048576K
Event: 10.723 GC heap after
Heap after GC invocations=12 (full 2):
 PSYoungGen      total 126464K, used 10226K [0x00000000eb500000, 0x00000000f7c00000, 0x0000000100000000)
  eden space 116224K, 0% used [0x00000000eb500000,0x00000000eb500000,0x00000000f2680000)
  from space 10240K, 99% used [0x00000000f4380000,0x00000000f4d7c9b8,0x00000000f4d80000)
  to   space 29696K, 0% used [0x00000000f2680000,0x00000000f2680000,0x00000000f4380000)
 ParOldGen       total 62464K, used 62333K [0x00000000c1e00000, 0x00000000c5b00000, 0x00000000eb500000)
  object space 62464K, 99% used [0x00000000c1e00000,0x00000000c5adf718,0x00000000c5b00000)
 Metaspace       used 36828K, capacity 37354K, committed 37848K, reserved 1081344K
  class space    used 4874K, capacity 5034K, committed 5120K, reserved 1048576K
}
Event: 10.723 GC heap before
{Heap before GC invocations=13 (full 3):
 PSYoungGen      total 126464K, used 10226K [0x00000000eb500000, 0x00000000f7c00000, 0x0000000100000000)
  eden space 116224K, 0% used [0x00000000eb500000,0x00000000eb500000,0x00000000f2680000)
  from space 10240K, 99% used [0x00000000f4380000,0x00000000f4d7c9b8,0x00000000f4d80000)
  to   space 29696K, 0% used [0x00000000f2680000,0x00000000f2680000,0x00000000f4380000)
 ParOldGen       total 62464K, used 62333K [0x00000000c1e00000, 0x00000000c5b00000, 0x00000000eb500000)
  object space 62464K, 99% used [0x00000000c1e00000,0x00000000c5adf718,0x00000000c5b00000)
 Metaspace       used 36828K, capacity 37354K, committed 37848K, reserved 1081344K
  class space    used 4874K, capacity 5034K, committed 5120K, reserved 1048576K
Event: 11.424 GC heap after
Heap after GC invocations=13 (full 3):
 PSYoungGen      total 126464K, used 9444K [0x00000000eb500000, 0x00000000f7c00000, 0x0000000100000000)
  eden space 116224K, 0% used [0x00000000eb500000,0x00000000eb500000,0x00000000f2680000)
  from space 10240K, 92% used [0x00000000f4380000,0x00000000f4cb9300,0x00000000f4d80000)
  to   space 29696K, 0% used [0x00000000f2680000,0x00000000f2680000,0x00000000f4380000)
 ParOldGen       total 124416K, used 62250K [0x00000000c1e00000, 0x00000000c9780000, 0x00000000eb500000)
  object space 124416K, 50% used [0x00000000c1e00000,0x00000000c5acab50,0x00000000c9780000)
 Metaspace       used 36826K, capacity 37348K, committed 37848K, reserved 1081344K
  class space    used 4874K, capacity 5033K, committed 5120K, reserved 1048576K
}

