# JRE version: Java(TM) SE Runtime Environment (8.0_181-b13) (build 1.8.0_181-b13)
# Java VM: Java HotSpot(TM) 64-Bit Server VM (25.181-b13 mixed mode windows-amd64 compressed oops)
Heap:
 PSYoungGen      total 110080K, used 49648K [0x00000000eb500000, 0x00000000f3400000, 0x0000000100000000)
  eden space 98816K, 50% used [0x00000000eb500000,0x00000000ee57c038,0x00000000f1580000)
  from space 11264K, 0% used [0x00000000f1580000,0x00000000f1580000,0x00000000f2080000)
  to   space 10240K, 0% used [0x00000000f2080000,0x00000000f2080000,0x00000000f2a80000)
 ParOldGen       total 29696K, used 12509K [0x00000000c1e00000, 0x00000000c3b00000, 0x00000000eb500000)
  object space 29696K, 42% used [0x00000000c1e00000,0x00000000c2a375d8,0x00000000c3b00000)
 Metaspace       used 36790K, capacity 37260K, committed 37592K, reserved 1081344K
  class space    used 4853K, capacity 5003K, committed 5120K, reserved 1048576K
GC Heap History (10 events):
Event: 3.012 GC heap before
{Heap before GC invocations=7 (full 1):
 PSYoungGen      total 35328K, used 32768K [0x00000000eb500000, 0x00000000f0400000, 0x0000000100000000)
  eden space 32768K, 100% used [0x00000000eb500000,0x00000000ed500000,0x00000000ed500000)
  from space 2560K, 0% used [0x00000000ed500000,0x00000000ed500000,0x00000000ed780000)
  to   space 7680K, 0% used [0x00000000efc80000,0x00000000efc80000,0x00000000f0400000)
 ParOldGen       total 29696K, used 4905K [0x00000000c1e00000, 0x00000000c3b00000, 0x00000000eb500000)
  object space 29696K, 16% used [0x00000000c1e00000,0x00000000c22ca700,0x00000000c3b00000)
 Metaspace       used 26097K, capacity 26506K, committed 26880K, reserved 1073152K
  class space    used 3397K, capacity 3538K, committed 3584K, reserved 1048576K
Event: 3.022 GC heap after
Heap after GC invocations=7 (full 1):
 PSYoungGen      total 63488K, used 5120K [0x00000000eb500000, 0x00000000f0200000, 0x0000000100000000)
  eden space 57856K, 0% used [0x00000000eb500000,0x00000000eb500000,0x00000000eed80000)
  from space 5632K, 90% used [0x00000000efc80000,0x00000000f0180178,0x00000000f0200000)
  to   space 7168K, 0% used [0x00000000ef400000,0x00000000ef400000,0x00000000efb00000)
 ParOldGen       total 29696K, used 4913K [0x00000000c1e00000, 0x00000000c3b00000, 0x00000000eb500000)
  object space 29696K, 16% used [0x00000000c1e00000,0x00000000c22cc700,0x00000000c3b00000)
 Metaspace       used 26097K, capacity 26506K, committed 26880K, reserved 1073152K
  class space    used 3397K, capacity 3538K, committed 3584K, reserved 1048576K
}
Event: 4.228 GC heap before
{Heap before GC invocations=8 (full 1):
 PSYoungGen      total 63488K, used 62976K [0x00000000eb500000, 0x00000000f0200000, 0x0000000100000000)
  eden space 57856K, 100% used [0x00000000eb500000,0x00000000eed80000,0x00000000eed80000)
  from space 5632K, 90% used [0x00000000efc80000,0x00000000f0180178,0x00000000f0200000)
  to   space 7168K, 0% used [0x00000000ef400000,0x00000000ef400000,0x00000000efb00000)
 ParOldGen       total 29696K, used 4913K [0x00000000c1e00000, 0x00000000c3b00000, 0x00000000eb500000)
  object space 29696K, 16% used [0x00000000c1e00000,0x00000000c22cc700,0x00000000c3b00000)
 Metaspace       used 30965K, capacity 31434K, committed 31616K, reserved 1077248K
  class space    used 4079K, capacity 4220K, committed 4224K, reserved 1048576K
Event: 4.245 GC heap after
Heap after GC invocations=8 (full 1):
 PSYoungGen      total 71680K, used 7138K [0x00000000eb500000, 0x00000000f2a80000, 0x0000000100000000)
  eden space 64512K, 0% used [0x00000000eb500000,0x00000000eb500000,0x00000000ef400000)
  from space 7168K, 99% used [0x00000000ef400000,0x00000000efaf88b0,0x00000000efb00000)
  to   space 10240K, 0% used [0x00000000f2080000,0x00000000f2080000,0x00000000f2a80000)
 ParOldGen       total 29696K, used 8912K [0x00000000c1e00000, 0x00000000c3b00000, 0x00000000eb500000)
  object space 29696K, 30% used [0x00000000c1e00000,0x00000000c26b4358,0x00000000c3b00000)
 Metaspace       used 30965K, capacity 31434K, committed 31616K, reserved 1077248K
  class space    used 4079K, capacity 4220K, committed 4224K, reserved 1048576K
}
Event: 8.183 GC heap before
{Heap before GC invocations=9 (full 1):
 PSYoungGen      total 71680K, used 71650K [0x00000000eb500000, 0x00000000f2a80000, 0x0000000100000000)
  eden space 64512K, 100% used [0x00000000eb500000,0x00000000ef400000,0x00000000ef400000)
  from space 7168K, 99% used [0x00000000ef400000,0x00000000efaf88b0,0x00000000efb00000)
  to   space 10240K, 0% used [0x00000000f2080000,0x00000000f2080000,0x00000000f2a80000)
 ParOldGen       total 29696K, used 8912K [0x00000000c1e00000, 0x00000000c3b00000, 0x00000000eb500000)
  object space 29696K, 30% used [0x00000000c1e00000,0x00000000c26b4358,0x00000000c3b00000)
 Metaspace       used 34215K, capacity 34726K, committed 35072K, reserved 1079296K
  class space    used 4467K, capacity 4586K, committed 4608K, reserved 1048576K
Event: 8.194 GC heap after
Heap after GC invocations=9 (full 1):
 PSYoungGen      total 109056K, used 8624K [0x00000000eb500000, 0x00000000f3400000, 0x0000000100000000)
  eden space 98816K, 0% used [0x00000000eb500000,0x00000000eb500000,0x00000000f1580000)
  from space 10240K, 84% used [0x00000000f2080000,0x00000000f28ec280,0x00000000f2a80000)
  to   space 11264K, 0% used [0x00000000f1580000,0x00000000f1580000,0x00000000f2080000)
 ParOldGen       total 29696K, used 8920K [0x00000000c1e00000, 0x00000000c3b00000, 0x00000000eb500000)
  object space 29696K, 30% used [0x00000000c1e00000,0x00000000c26b6358,0x00000000c3b00000)
 Metaspace       used 34215K, capacity 34726K, committed 35072K, reserved 1079296K
  class space    used 4467K, capacity 4586K, committed 4608K, reserved 1048576K
}
Event: 10.040 GC heap before
{Heap before GC invocations=10 (full 1):
 PSYoungGen      total 109056K, used 37313K [0x00000000eb500000, 0x00000000f3400000, 0x0000000100000000)
  eden space 98816K, 29% used [0x00000000eb500000,0x00000000ed1041f0,0x00000000f1580000)
  from space 10240K, 84% used [0x00000000f2080000,0x00000000f28ec280,0x00000000f2a80000)
  to   space 11264K, 0% used [0x00000000f1580000,0x00000000f1580000,0x00000000f2080000)
 ParOldGen       total 29696K, used 8920K [0x00000000c1e00000, 0x00000000c3b00000, 0x00000000eb500000)
  object space 29696K, 30% used [0x00000000c1e00000,0x00000000c26b6358,0x00000000c3b00000)
 Metaspace       used 34740K, capacity 35206K, committed 35416K, reserved 1079296K
  class space    used 4536K, capacity 4682K, committed 4736K, reserved 1048576K
Event: 10.051 GC heap after
Heap after GC invocations=10 (full 1):
 PSYoungGen      total 110080K, used 6149K [0x00000000eb500000, 0x00000000f3400000, 0x0000000100000000)
  eden space 98816K, 0% used [0x00000000eb500000,0x00000000eb500000,0x00000000f1580000)
  from space 11264K, 54% used [0x00000000f1580000,0x00000000f1b81660,0x00000000f2080000)
  to   space 10240K, 0% used [0x00000000f2080000,0x00000000f2080000,0x00000000f2a80000)
 ParOldGen       total 29696K, used 10871K [0x00000000c1e00000, 0x00000000c3b00000, 0x00000000eb500000)
  object space 29696K, 36% used [0x00000000c1e00000,0x00000000c289dfd8,0x00000000c3b00000)
 Metaspace       used 34740K, capacity 35206K, committed 35416K, reserved 1079296K
  class space    used 4536K, capacity 4682K, committed 4736K, reserved 1048576K
}
Event: 10.051 GC heap before
{Heap before GC invocations=11 (full 2):
 PSYoungGen      total 110080K, used 6149K [0x00000000eb500000, 0x00000000f3400000, 0x0000000100000000)
  eden space 98816K, 0% used [0x00000000eb500000,0x00000000eb500000,0x00000000f1580000)
  from space 11264K, 54% used [0x00000000f1580000,0x00000000f1b81660,0x00000000f2080000)
  to   space 10240K, 0% used [0x00000000f2080000,0x00000000f2080000,0x00000000f2a80000)
 ParOldGen       total 29696K, used 10871K [0x00000000c1e00000, 0x00000000c3b00000, 0x00000000eb500000)
  object space 29696K, 36% used [0x00000000c1e00000,0x00000000c289dfd8,0x00000000c3b00000)
 Metaspace       used 34740K, capacity 35206K, committed 35416K, reserved 1079296K
  class space    used 4536K, capacity 4682K, committed 4736K, reserved 1048576K
Event: 10.106 GC heap after
Heap after GC invocations=11 (full 2):
 PSYoungGen      total 110080K, used 0K [0x00000000eb500000, 0x00000000f3400000, 0x0000000100000000)
  eden space 98816K, 0% used [0x00000000eb500000,0x00000000eb500000,0x00000000f1580000)
  from space 11264K, 0% used [0x00000000f1580000,0x00000000f1580000,0x00000000f2080000)
  to   space 10240K, 0% used [0x00000000f2080000,0x00000000f2080000,0x00000000f2a80000)
 ParOldGen       total 29696K, used 12509K [0x00000000c1e00000, 0x00000000c3b00000, 0x00000000eb500000)
  object space 29696K, 42% used [0x00000000c1e00000,0x00000000c2a375d8,0x00000000c3b00000)
 Metaspace       used 34740K, capacity 35206K, committed 35416K, reserved 1079296K
  class space    used 4536K, capacity 4682K, committed 4736K, reserved 1048576K
}

