# JRE version: Java(TM) SE Runtime Environment (8.0_181-b13) (build 1.8.0_181-b13)
# Java VM: Java HotSpot(TM) 64-Bit Server VM (25.181-b13 mixed mode windows-amd64 compressed oops)
Heap:
 PSYoungGen      total 115200K, used 10735K [0x00000000eb500000, 0x00000000f8f80000, 0x0000000100000000)
  eden space 104448K, 0% used [0x00000000eb500000,0x00000000eb500000,0x00000000f1b00000)
  from space 10752K, 99% used [0x00000000f1b00000,0x00000000f257bca8,0x00000000f2580000)
  to   space 33792K, 0% used [0x00000000f6e80000,0x00000000f6e80000,0x00000000f8f80000)
 ParOldGen       total 68608K, used 67774K [0x00000000c1e00000, 0x00000000c6100000, 0x00000000eb500000)
  object space 68608K, 98% used [0x00000000c1e00000,0x00000000c602fba0,0x00000000c6100000)
 Metaspace       used 36882K, capacity 37418K, committed 37848K, reserved 1081344K
  class space    used 4874K, capacity 5034K, committed 5120K, reserved 1048576K
GC Heap History (10 events):
Event: 3.129 GC heap after
Heap after GC invocations=7 (full 1):
 PSYoungGen      total 64512K, used 5116K [0x00000000eb500000, 0x00000000f0180000, 0x0000000100000000)
  eden space 59392K, 0% used [0x00000000eb500000,0x00000000eb500000,0x00000000eef00000)
  from space 5120K, 99% used [0x00000000efc80000,0x00000000f017f068,0x00000000f0180000)
  to   space 7168K, 0% used [0x00000000ef380000,0x00000000ef380000,0x00000000efa80000)
 ParOldGen       total 28672K, used 4903K [0x00000000c1e00000, 0x00000000c3a00000, 0x00000000eb500000)
  object space 28672K, 17% used [0x00000000c1e00000,0x00000000c22c9cb0,0x00000000c3a00000)
 Metaspace       used 26041K, capacity 26402K, committed 26880K, reserved 1073152K
  class space    used 3385K, capacity 3504K, committed 3584K, reserved 1048576K
}
Event: 4.262 GC heap before
{Heap before GC invocations=8 (full 1):
 PSYoungGen      total 64512K, used 64508K [0x00000000eb500000, 0x00000000f0180000, 0x0000000100000000)
  eden space 59392K, 100% used [0x00000000eb500000,0x00000000eef00000,0x00000000eef00000)
  from space 5120K, 99% used [0x00000000efc80000,0x00000000f017f068,0x00000000f0180000)
  to   space 7168K, 0% used [0x00000000ef380000,0x00000000ef380000,0x00000000efa80000)
 ParOldGen       total 28672K, used 4903K [0x00000000c1e00000, 0x00000000c3a00000, 0x00000000eb500000)
  object space 28672K, 17% used [0x00000000c1e00000,0x00000000c22c9cb0,0x00000000c3a00000)
 Metaspace       used 31148K, capacity 31600K, committed 32000K, reserved 1077248K
  class space    used 4101K, capacity 4255K, committed 4352K, reserved 1048576K
Event: 4.276 GC heap after
Heap after GC invocations=8 (full 1):
 PSYoungGen      total 71168K, used 7167K [0x00000000eb500000, 0x00000000f2f00000, 0x0000000100000000)
  eden space 64000K, 0% used [0x00000000eb500000,0x00000000eb500000,0x00000000ef380000)
  from space 7168K, 99% used [0x00000000ef380000,0x00000000efa7fcf8,0x00000000efa80000)
  to   space 9728K, 0% used [0x00000000f2580000,0x00000000f2580000,0x00000000f2f00000)
 ParOldGen       total 28672K, used 7559K [0x00000000c1e00000, 0x00000000c3a00000, 0x00000000eb500000)
  object space 28672K, 26% used [0x00000000c1e00000,0x00000000c2561f30,0x00000000c3a00000)
 Metaspace       used 31148K, capacity 31600K, committed 32000K, reserved 1077248K
  class space    used 4101K, capacity 4255K, committed 4352K, reserved 1048576K
}
Event: 9.850 GC heap before
{Heap before GC invocations=9 (full 1):
 PSYoungGen      total 71168K, used 35058K [0x00000000eb500000, 0x00000000f2f00000, 0x0000000100000000)
  eden space 64000K, 43% used [0x00000000eb500000,0x00000000ed03ccb0,0x00000000ef380000)
  from space 7168K, 99% used [0x00000000ef380000,0x00000000efa7fcf8,0x00000000efa80000)
  to   space 9728K, 0% used [0x00000000f2580000,0x00000000f2580000,0x00000000f2f00000)
 ParOldGen       total 28672K, used 7559K [0x00000000c1e00000, 0x00000000c3a00000, 0x00000000eb500000)
  object space 28672K, 26% used [0x00000000c1e00000,0x00000000c2561f30,0x00000000c3a00000)
 Metaspace       used 34640K, capacity 35096K, committed 35416K, reserved 1079296K
  class space    used 4522K, capacity 4647K, committed 4736K, reserved 1048576K
Event: 9.862 GC heap after
Heap after GC invocations=9 (full 1):
 PSYoungGen      total 114176K, used 9437K [0x00000000eb500000, 0x00000000f3580000, 0x0000000100000000)
  eden space 104448K, 0% used [0x00000000eb500000,0x00000000eb500000,0x00000000f1b00000)
  from space 9728K, 97% used [0x00000000f2580000,0x00000000f2eb7780,0x00000000f2f00000)
  to   space 10752K, 0% used [0x00000000f1b00000,0x00000000f1b00000,0x00000000f2580000)
 ParOldGen       total 28672K, used 7695K [0x00000000c1e00000, 0x00000000c3a00000, 0x00000000eb500000)
  object space 28672K, 26% used [0x00000000c1e00000,0x00000000c2583f40,0x00000000c3a00000)
 Metaspace       used 34640K, capacity 35096K, committed 35416K, reserved 1079296K
  class space    used 4522K, capacity 4647K, committed 4736K, reserved 1048576K
}
Event: 9.862 GC heap before
{Heap before GC invocations=10 (full 2):
 PSYoungGen      total 114176K, used 9437K [0x00000000eb500000, 0x00000000f3580000, 0x0000000100000000)
  eden space 104448K, 0% used [0x00000000eb500000,0x00000000eb500000,0x00000000f1b00000)
  from space 9728K, 97% used [0x00000000f2580000,0x00000000f2eb7780,0x00000000f2f00000)
  to   space 10752K, 0% used [0x00000000f1b00000,0x00000000f1b00000,0x00000000f2580000)
 ParOldGen       total 28672K, used 7695K [0x00000000c1e00000, 0x00000000c3a00000, 0x00000000eb500000)
  object space 28672K, 26% used [0x00000000c1e00000,0x00000000c2583f40,0x00000000c3a00000)
 Metaspace       used 34640K, capacity 35096K, committed 35416K, reserved 1079296K
  class space    used 4522K, capacity 4647K, committed 4736K, reserved 1048576K
Event: 9.914 GC heap after
Heap after GC invocations=10 (full 2):
 PSYoungGen      total 114176K, used 0K [0x00000000eb500000, 0x00000000f3580000, 0x0000000100000000)
  eden space 104448K, 0% used [0x00000000eb500000,0x00000000eb500000,0x00000000f1b00000)
  from space 9728K, 0% used [0x00000000f2580000,0x00000000f2580000,0x00000000f2f00000)
  to   space 10752K, 0% used [0x00000000f1b00000,0x00000000f1b00000,0x00000000f2580000)
 ParOldGen       total 43520K, used 14630K [0x00000000c1e00000, 0x00000000c4880000, 0x00000000eb500000)
  object space 43520K, 33% used [0x00000000c1e00000,0x00000000c2c49ac8,0x00000000c4880000)
 Metaspace       used 34640K, capacity 35096K, committed 35416K, reserved 1079296K
  class space    used 4522K, capacity 4647K, committed 4736K, reserved 1048576K
}
Event: 10.898 GC heap before
{Heap before GC invocations=11 (full 2):
 PSYoungGen      total 114176K, used 104448K [0x00000000eb500000, 0x00000000f3580000, 0x0000000100000000)
  eden space 104448K, 100% used [0x00000000eb500000,0x00000000f1b00000,0x00000000f1b00000)
  from space 9728K, 0% used [0x00000000f2580000,0x00000000f2580000,0x00000000f2f00000)
  to   space 10752K, 0% used [0x00000000f1b00000,0x00000000f1b00000,0x00000000f2580000)
 ParOldGen       total 43520K, used 14630K [0x00000000c1e00000, 0x00000000c4880000, 0x00000000eb500000)
  object space 43520K, 33% used [0x00000000c1e00000,0x00000000c2c49ac8,0x00000000c4880000)
 Metaspace       used 36882K, capacity 37418K, committed 37848K, reserved 1081344K
  class space    used 4874K, capacity 5034K, committed 5120K, reserved 1048576K
Event: 11.003 GC heap after
Heap after GC invocations=11 (full 2):
 PSYoungGen      total 115200K, used 10735K [0x00000000eb500000, 0x00000000f8f80000, 0x0000000100000000)
  eden space 104448K, 0% used [0x00000000eb500000,0x00000000eb500000,0x00000000f1b00000)
  from space 10752K, 99% used [0x00000000f1b00000,0x00000000f257bca8,0x00000000f2580000)
  to   space 33792K, 0% used [0x00000000f6e80000,0x00000000f6e80000,0x00000000f8f80000)
 ParOldGen       total 68608K, used 67774K [0x00000000c1e00000, 0x00000000c6100000, 0x00000000eb500000)
  object space 68608K, 98% used [0x00000000c1e00000,0x00000000c602fba0,0x00000000c6100000)
 Metaspace       used 36882K, capacity 37418K, committed 37848K, reserved 1081344K
  class space    used 4874K, capacity 5034K, committed 5120K, reserved 1048576K
}
Event: 11.003 GC heap before
{Heap before GC invocations=12 (full 3):
 PSYoungGen      total 115200K, used 10735K [0x00000000eb500000, 0x00000000f8f80000, 0x0000000100000000)
  eden space 104448K, 0% used [0x00000000eb500000,0x00000000eb500000,0x00000000f1b00000)
  from space 10752K, 99% used [0x00000000f1b00000,0x00000000f257bca8,0x00000000f2580000)
  to   space 33792K, 0% used [0x00000000f6e80000,0x00000000f6e80000,0x00000000f8f80000)
 ParOldGen       total 68608K, used 67774K [0x00000000c1e00000, 0x00000000c6100000, 0x00000000eb500000)
  object space 68608K, 98% used [0x00000000c1e00000,0x00000000c602fba0,0x00000000c6100000)
 Metaspace       used 36882K, capacity 37418K, committed 37848K, reserved 1081344K
  class space    used 4874K, capacity 5034K, committed 5120K, reserved 1048576K

