# JRE version: Java(TM) SE Runtime Environment (8.0_181-b13) (build 1.8.0_181-b13)
# Java VM: Java HotSpot(TM) 64-Bit Server VM (25.181-b13 mixed mode windows-amd64 compressed oops)
Heap:
 PSYoungGen      total 18944K, used 5108K [0x00000000eb500000, 0x00000000eca00000, 0x0000000100000000)
  eden space 16384K, 15% used [0x00000000eb500000,0x00000000eb782d88,0x00000000ec500000)
  from space 2560K, 99% used [0x00000000ec780000,0x00000000ec9fa5b8,0x00000000eca00000)
  to   space 2560K, 0% used [0x00000000ec500000,0x00000000ec500000,0x00000000ec780000)
 ParOldGen       total 31744K, used 6125K [0x00000000c1e00000, 0x00000000c3d00000, 0x00000000eb500000)
  object space 31744K, 19% used [0x00000000c1e00000,0x00000000c23fb6d8,0x00000000c3d00000)
 Metaspace       used 26046K, capacity 26402K, committed 26880K, reserved 1073152K
  class space    used 3392K, capacity 3504K, committed 3584K, reserved 1048576K
GC Heap History (10 events):
Event: 2.260 GC heap before
{Heap before GC invocations=3 (full 0):
 PSYoungGen      total 18944K, used 18918K [0x00000000eb500000, 0x00000000eca00000, 0x0000000100000000)
  eden space 16384K, 100% used [0x00000000eb500000,0x00000000ec500000,0x00000000ec500000)
  from space 2560K, 99% used [0x00000000ec780000,0x00000000ec9f9b90,0x00000000eca00000)
  to   space 2560K, 0% used [0x00000000ec500000,0x00000000ec500000,0x00000000ec780000)
 ParOldGen       total 44032K, used 5541K [0x00000000c1e00000, 0x00000000c4900000, 0x00000000eb500000)
  object space 44032K, 12% used [0x00000000c1e00000,0x00000000c23694d0,0x00000000c4900000)
 Metaspace       used 15738K, capacity 16056K, committed 16256K, reserved 1062912K
  class space    used 2012K, capacity 2107K, committed 2176K, reserved 1048576K
Event: 2.269 GC heap after
Heap after GC invocations=3 (full 0):
 PSYoungGen      total 18944K, used 2550K [0x00000000eb500000, 0x00000000eca00000, 0x0000000100000000)
  eden space 16384K, 0% used [0x00000000eb500000,0x00000000eb500000,0x00000000ec500000)
  from space 2560K, 99% used [0x00000000ec500000,0x00000000ec77db90,0x00000000ec780000)
  to   space 2560K, 0% used [0x00000000ec780000,0x00000000ec780000,0x00000000eca00000)
 ParOldGen       total 44032K, used 8365K [0x00000000c1e00000, 0x00000000c4900000, 0x00000000eb500000)
  object space 44032K, 18% used [0x00000000c1e00000,0x00000000c262b470,0x00000000c4900000)
 Metaspace       used 15738K, capacity 16056K, committed 16256K, reserved 1062912K
  class space    used 2012K, capacity 2107K, committed 2176K, reserved 1048576K
}
Event: 2.521 GC heap before
{Heap before GC invocations=4 (full 0):
 PSYoungGen      total 18944K, used 15097K [0x00000000eb500000, 0x00000000eca00000, 0x0000000100000000)
  eden space 16384K, 76% used [0x00000000eb500000,0x00000000ec1408a8,0x00000000ec500000)
  from space 2560K, 99% used [0x00000000ec500000,0x00000000ec77db90,0x00000000ec780000)
  to   space 2560K, 0% used [0x00000000ec780000,0x00000000ec780000,0x00000000eca00000)
 ParOldGen       total 44032K, used 8365K [0x00000000c1e00000, 0x00000000c4900000, 0x00000000eb500000)
  object space 44032K, 18% used [0x00000000c1e00000,0x00000000c262b470,0x00000000c4900000)
 Metaspace       used 20842K, capacity 21094K, committed 21248K, reserved 1067008K
  class space    used 2685K, capacity 2812K, committed 2816K, reserved 1048576K
Event: 2.532 GC heap after
Heap after GC invocations=4 (full 0):
 PSYoungGen      total 18944K, used 2528K [0x00000000eb500000, 0x00000000eca00000, 0x0000000100000000)
  eden space 16384K, 0% used [0x00000000eb500000,0x00000000eb500000,0x00000000ec500000)
  from space 2560K, 98% used [0x00000000ec780000,0x00000000ec9f8090,0x00000000eca00000)
  to   space 2560K, 0% used [0x00000000ec500000,0x00000000ec500000,0x00000000ec780000)
 ParOldGen       total 44032K, used 9914K [0x00000000c1e00000, 0x00000000c4900000, 0x00000000eb500000)
  object space 44032K, 22% used [0x00000000c1e00000,0x00000000c27ae868,0x00000000c4900000)
 Metaspace       used 20842K, capacity 21094K, committed 21248K, reserved 1067008K
  class space    used 2685K, capacity 2812K, committed 2816K, reserved 1048576K
}
Event: 2.532 GC heap before
{Heap before GC invocations=5 (full 1):
 PSYoungGen      total 18944K, used 2528K [0x00000000eb500000, 0x00000000eca00000, 0x0000000100000000)
  eden space 16384K, 0% used [0x00000000eb500000,0x00000000eb500000,0x00000000ec500000)
  from space 2560K, 98% used [0x00000000ec780000,0x00000000ec9f8090,0x00000000eca00000)
  to   space 2560K, 0% used [0x00000000ec500000,0x00000000ec500000,0x00000000ec780000)
 ParOldGen       total 44032K, used 9914K [0x00000000c1e00000, 0x00000000c4900000, 0x00000000eb500000)
  object space 44032K, 22% used [0x00000000c1e00000,0x00000000c27ae868,0x00000000c4900000)
 Metaspace       used 20842K, capacity 21094K, committed 21248K, reserved 1067008K
  class space    used 2685K, capacity 2812K, committed 2816K, reserved 1048576K
Event: 2.571 GC heap after
Heap after GC invocations=5 (full 1):
 PSYoungGen      total 18944K, used 0K [0x00000000eb500000, 0x00000000eca00000, 0x0000000100000000)
  eden space 16384K, 0% used [0x00000000eb500000,0x00000000eb500000,0x00000000ec500000)
  from space 2560K, 0% used [0x00000000ec780000,0x00000000ec780000,0x00000000eca00000)
  to   space 2560K, 0% used [0x00000000ec500000,0x00000000ec500000,0x00000000ec780000)
 ParOldGen       total 31744K, used 4975K [0x00000000c1e00000, 0x00000000c3d00000, 0x00000000eb500000)
  object space 31744K, 15% used [0x00000000c1e00000,0x00000000c22dbd68,0x00000000c3d00000)
 Metaspace       used 20842K, capacity 21094K, committed 21248K, reserved 1067008K
  class space    used 2685K, capacity 2812K, committed 2816K, reserved 1048576K
}
Event: 2.940 GC heap before
{Heap before GC invocations=6 (full 1):
 PSYoungGen      total 18944K, used 16384K [0x00000000eb500000, 0x00000000eca00000, 0x0000000100000000)
  eden space 16384K, 100% used [0x00000000eb500000,0x00000000ec500000,0x00000000ec500000)
  from space 2560K, 0% used [0x00000000ec780000,0x00000000ec780000,0x00000000eca00000)
  to   space 2560K, 0% used [0x00000000ec500000,0x00000000ec500000,0x00000000ec780000)
 ParOldGen       total 31744K, used 4975K [0x00000000c1e00000, 0x00000000c3d00000, 0x00000000eb500000)
  object space 31744K, 15% used [0x00000000c1e00000,0x00000000c22dbd68,0x00000000c3d00000)
 Metaspace       used 24166K, capacity 24522K, committed 24832K, reserved 1071104K
  class space    used 3181K, capacity 3308K, committed 3328K, reserved 1048576K
Event: 2.945 GC heap after
Heap after GC invocations=6 (full 1):
 PSYoungGen      total 18944K, used 2123K [0x00000000eb500000, 0x00000000eca00000, 0x0000000100000000)
  eden space 16384K, 0% used [0x00000000eb500000,0x00000000eb500000,0x00000000ec500000)
  from space 2560K, 82% used [0x00000000ec500000,0x00000000ec712c78,0x00000000ec780000)
  to   space 2560K, 0% used [0x00000000ec780000,0x00000000ec780000,0x00000000eca00000)
 ParOldGen       total 31744K, used 4983K [0x00000000c1e00000, 0x00000000c3d00000, 0x00000000eb500000)
  object space 31744K, 15% used [0x00000000c1e00000,0x00000000c22ddd68,0x00000000c3d00000)
 Metaspace       used 24166K, capacity 24522K, committed 24832K, reserved 1071104K
  class space    used 3181K, capacity 3308K, committed 3328K, reserved 1048576K
}
Event: 3.267 GC heap before
{Heap before GC invocations=7 (full 1):
 PSYoungGen      total 18944K, used 18507K [0x00000000eb500000, 0x00000000eca00000, 0x0000000100000000)
  eden space 16384K, 100% used [0x00000000eb500000,0x00000000ec500000,0x00000000ec500000)
  from space 2560K, 82% used [0x00000000ec500000,0x00000000ec712c78,0x00000000ec780000)
  to   space 2560K, 0% used [0x00000000ec780000,0x00000000ec780000,0x00000000eca00000)
 ParOldGen       total 31744K, used 4983K [0x00000000c1e00000, 0x00000000c3d00000, 0x00000000eb500000)
  object space 31744K, 15% used [0x00000000c1e00000,0x00000000c22ddd68,0x00000000c3d00000)
 Metaspace       used 25878K, capacity 26274K, committed 26624K, reserved 1073152K
  class space    used 3371K, capacity 3504K, committed 3584K, reserved 1048576K
Event: 3.286 GC heap after
Heap after GC invocations=7 (full 1):
 PSYoungGen      total 18944K, used 2537K [0x00000000eb500000, 0x00000000eca00000, 0x0000000100000000)
  eden space 16384K, 0% used [0x00000000eb500000,0x00000000eb500000,0x00000000ec500000)
  from space 2560K, 99% used [0x00000000ec780000,0x00000000ec9fa5b8,0x00000000eca00000)
  to   space 2560K, 0% used [0x00000000ec500000,0x00000000ec500000,0x00000000ec780000)
 ParOldGen       total 31744K, used 6125K [0x00000000c1e00000, 0x00000000c3d00000, 0x00000000eb500000)
  object space 31744K, 19% used [0x00000000c1e00000,0x00000000c23fb6d8,0x00000000c3d00000)
 Metaspace       used 25878K, capacity 26274K, committed 26624K, reserved 1073152K
  class space    used 3371K, capacity 3504K, committed 3584K, reserved 1048576K
}

