# JRE version: Java(TM) SE Runtime Environment (8.0_181-b13) (build 1.8.0_181-b13)
# Java VM: Java HotSpot(TM) 64-Bit Server VM (25.181-b13 mixed mode windows-amd64 compressed oops)
Heap:
 PSYoungGen      total 107008K, used 9186K [0x00000000eb500000, 0x00000000f6380000, 0x0000000100000000)
  eden space 97792K, 0% used [0x00000000eb500000,0x00000000eb500000,0x00000000f1480000)
  from space 9216K, 99% used [0x00000000f2d80000,0x00000000f36788a8,0x00000000f3680000)
  to   space 25600K, 0% used [0x00000000f1480000,0x00000000f1480000,0x00000000f2d80000)
 ParOldGen       total 54272K, used 53764K [0x00000000c1e00000, 0x00000000c5300000, 0x00000000eb500000)
  object space 54272K, 99% used [0x00000000c1e00000,0x00000000c52810e8,0x00000000c5300000)
 Metaspace       used 37065K, capacity 37610K, committed 37848K, reserved 1081344K
  class space    used 4895K, capacity 5034K, committed 5120K, reserved 1048576K
GC Heap History (10 events):
Event: 4.164 GC heap after
Heap after GC invocations=8 (full 1):
 PSYoungGen      total 70656K, used 6640K [0x00000000eb500000, 0x00000000f1c00000, 0x0000000100000000)
  eden space 64000K, 0% used [0x00000000eb500000,0x00000000eb500000,0x00000000ef380000)
  from space 6656K, 99% used [0x00000000ef380000,0x00000000ef9fc0a0,0x00000000efa00000)
  to   space 8192K, 0% used [0x00000000f1400000,0x00000000f1400000,0x00000000f1c00000)
 ParOldGen       total 30208K, used 7204K [0x00000000c1e00000, 0x00000000c3b80000, 0x00000000eb500000)
  object space 30208K, 23% used [0x00000000c1e00000,0x00000000c25093c0,0x00000000c3b80000)
 Metaspace       used 30810K, capacity 31232K, committed 31616K, reserved 1077248K
  class space    used 4035K, capacity 4175K, committed 4224K, reserved 1048576K
}
Event: 8.151 GC heap before
{Heap before GC invocations=9 (full 1):
 PSYoungGen      total 70656K, used 70640K [0x00000000eb500000, 0x00000000f1c00000, 0x0000000100000000)
  eden space 64000K, 100% used [0x00000000eb500000,0x00000000ef380000,0x00000000ef380000)
  from space 6656K, 99% used [0x00000000ef380000,0x00000000ef9fc0a0,0x00000000efa00000)
  to   space 8192K, 0% used [0x00000000f1400000,0x00000000f1400000,0x00000000f1c00000)
 ParOldGen       total 30208K, used 7204K [0x00000000c1e00000, 0x00000000c3b80000, 0x00000000eb500000)
  object space 30208K, 23% used [0x00000000c1e00000,0x00000000c25093c0,0x00000000c3b80000)
 Metaspace       used 34208K, capacity 34750K, committed 35200K, reserved 1079296K
  class space    used 4463K, capacity 4616K, committed 4736K, reserved 1048576K
Event: 8.163 GC heap after
Heap after GC invocations=9 (full 1):
 PSYoungGen      total 95744K, used 8185K [0x00000000eb500000, 0x00000000f2980000, 0x0000000100000000)
  eden space 87552K, 0% used [0x00000000eb500000,0x00000000eb500000,0x00000000f0a80000)
  from space 8192K, 99% used [0x00000000f1400000,0x00000000f1bfe5b8,0x00000000f1c00000)
  to   space 9728K, 0% used [0x00000000f0a80000,0x00000000f0a80000,0x00000000f1400000)
 ParOldGen       total 30208K, used 7512K [0x00000000c1e00000, 0x00000000c3b80000, 0x00000000eb500000)
  object space 30208K, 24% used [0x00000000c1e00000,0x00000000c2556040,0x00000000c3b80000)
 Metaspace       used 34208K, capacity 34750K, committed 35200K, reserved 1079296K
  class space    used 4463K, capacity 4616K, committed 4736K, reserved 1048576K
}
Event: 10.105 GC heap before
{Heap before GC invocations=10 (full 1):
 PSYoungGen      total 95744K, used 36838K [0x00000000eb500000, 0x00000000f2980000, 0x0000000100000000)
  eden space 87552K, 32% used [0x00000000eb500000,0x00000000ed0fb430,0x00000000f0a80000)
  from space 8192K, 99% used [0x00000000f1400000,0x00000000f1bfe5b8,0x00000000f1c00000)
  to   space 9728K, 0% used [0x00000000f0a80000,0x00000000f0a80000,0x00000000f1400000)
 ParOldGen       total 30208K, used 7512K [0x00000000c1e00000, 0x00000000c3b80000, 0x00000000eb500000)
  object space 30208K, 24% used [0x00000000c1e00000,0x00000000c2556040,0x00000000c3b80000)
 Metaspace       used 34693K, capacity 35166K, committed 35416K, reserved 1079296K
  class space    used 4522K, capacity 4648K, committed 4736K, reserved 1048576K
Event: 10.115 GC heap after
Heap after GC invocations=10 (full 1):
 PSYoungGen      total 97280K, used 5314K [0x00000000eb500000, 0x00000000f3680000, 0x0000000100000000)
  eden space 87552K, 0% used [0x00000000eb500000,0x00000000eb500000,0x00000000f0a80000)
  from space 9728K, 54% used [0x00000000f0a80000,0x00000000f0fb09d8,0x00000000f1400000)
  to   space 9216K, 0% used [0x00000000f2d80000,0x00000000f2d80000,0x00000000f3680000)
 ParOldGen       total 30208K, used 9238K [0x00000000c1e00000, 0x00000000c3b80000, 0x00000000eb500000)
  object space 30208K, 30% used [0x00000000c1e00000,0x00000000c2705838,0x00000000c3b80000)
 Metaspace       used 34693K, capacity 35166K, committed 35416K, reserved 1079296K
  class space    used 4522K, capacity 4648K, committed 4736K, reserved 1048576K
}
Event: 10.115 GC heap before
{Heap before GC invocations=11 (full 2):
 PSYoungGen      total 97280K, used 5314K [0x00000000eb500000, 0x00000000f3680000, 0x0000000100000000)
  eden space 87552K, 0% used [0x00000000eb500000,0x00000000eb500000,0x00000000f0a80000)
  from space 9728K, 54% used [0x00000000f0a80000,0x00000000f0fb09d8,0x00000000f1400000)
  to   space 9216K, 0% used [0x00000000f2d80000,0x00000000f2d80000,0x00000000f3680000)
 ParOldGen       total 30208K, used 9238K [0x00000000c1e00000, 0x00000000c3b80000, 0x00000000eb500000)
  object space 30208K, 30% used [0x00000000c1e00000,0x00000000c2705838,0x00000000c3b80000)
 Metaspace       used 34693K, capacity 35166K, committed 35416K, reserved 1079296K
  class space    used 4522K, capacity 4648K, committed 4736K, reserved 1048576K
Event: 10.219 GC heap after
Heap after GC invocations=11 (full 2):
 PSYoungGen      total 97280K, used 0K [0x00000000eb500000, 0x00000000f3680000, 0x0000000100000000)
  eden space 87552K, 0% used [0x00000000eb500000,0x00000000eb500000,0x00000000f0a80000)
  from space 9728K, 0% used [0x00000000f0a80000,0x00000000f0a80000,0x00000000f1400000)
  to   space 9216K, 0% used [0x00000000f2d80000,0x00000000f2d80000,0x00000000f3680000)
 ParOldGen       total 47104K, used 12146K [0x00000000c1e00000, 0x00000000c4c00000, 0x00000000eb500000)
  object space 47104K, 25% used [0x00000000c1e00000,0x00000000c29dc870,0x00000000c4c00000)
 Metaspace       used 34693K, capacity 35166K, committed 35416K, reserved 1079296K
  class space    used 4522K, capacity 4648K, committed 4736K, reserved 1048576K
}
Event: 11.337 GC heap before
{Heap before GC invocations=12 (full 2):
 PSYoungGen      total 97280K, used 87552K [0x00000000eb500000, 0x00000000f3680000, 0x0000000100000000)
  eden space 87552K, 100% used [0x00000000eb500000,0x00000000f0a80000,0x00000000f0a80000)
  from space 9728K, 0% used [0x00000000f0a80000,0x00000000f0a80000,0x00000000f1400000)
  to   space 9216K, 0% used [0x00000000f2d80000,0x00000000f2d80000,0x00000000f3680000)
 ParOldGen       total 47104K, used 12146K [0x00000000c1e00000, 0x00000000c4c00000, 0x00000000eb500000)
  object space 47104K, 25% used [0x00000000c1e00000,0x00000000c29dc870,0x00000000c4c00000)
 Metaspace       used 37065K, capacity 37610K, committed 37848K, reserved 1081344K
  class space    used 4895K, capacity 5034K, committed 5120K, reserved 1048576K
Event: 11.552 GC heap after
Heap after GC invocations=12 (full 2):
 PSYoungGen      total 107008K, used 9186K [0x00000000eb500000, 0x00000000f6380000, 0x0000000100000000)
  eden space 97792K, 0% used [0x00000000eb500000,0x00000000eb500000,0x00000000f1480000)
  from space 9216K, 99% used [0x00000000f2d80000,0x00000000f36788a8,0x00000000f3680000)
  to   space 25600K, 0% used [0x00000000f1480000,0x00000000f1480000,0x00000000f2d80000)
 ParOldGen       total 54272K, used 53764K [0x00000000c1e00000, 0x00000000c5300000, 0x00000000eb500000)
  object space 54272K, 99% used [0x00000000c1e00000,0x00000000c52810e8,0x00000000c5300000)
 Metaspace       used 37065K, capacity 37610K, committed 37848K, reserved 1081344K
  class space    used 4895K, capacity 5034K, committed 5120K, reserved 1048576K
}
Event: 11.552 GC heap before
{Heap before GC invocations=13 (full 3):
 PSYoungGen      total 107008K, used 9186K [0x00000000eb500000, 0x00000000f6380000, 0x0000000100000000)
  eden space 97792K, 0% used [0x00000000eb500000,0x00000000eb500000,0x00000000f1480000)
  from space 9216K, 99% used [0x00000000f2d80000,0x00000000f36788a8,0x00000000f3680000)
  to   space 25600K, 0% used [0x00000000f1480000,0x00000000f1480000,0x00000000f2d80000)
 ParOldGen       total 54272K, used 53764K [0x00000000c1e00000, 0x00000000c5300000, 0x00000000eb500000)
  object space 54272K, 99% used [0x00000000c1e00000,0x00000000c52810e8,0x00000000c5300000)
 Metaspace       used 37065K, capacity 37610K, committed 37848K, reserved 1081344K
  class space    used 4895K, capacity 5034K, committed 5120K, reserved 1048576K

