# JRE version: Java(TM) SE Runtime Environment (8.0_181-b13) (build 1.8.0_181-b13)
# Java VM: Java HotSpot(TM) 64-Bit Server VM (25.181-b13 mixed mode windows-amd64 compressed oops)
Heap:
 PSYoungGen      total 109056K, used 66351K [0x00000000eb500000, 0x00000000f5500000, 0x0000000100000000)
  eden space 97280K, 68% used [0x00000000eb500000,0x00000000ef5cbcf0,0x00000000f1400000)
  from space 11776K, 0% used [0x00000000f1400000,0x00000000f1400000,0x00000000f1f80000)
  to   space 15872K, 0% used [0x00000000f4580000,0x00000000f4580000,0x00000000f5500000)
 ParOldGen       total 68608K, used 68330K [0x00000000c1e00000, 0x00000000c6100000, 0x00000000eb500000)
  object space 68608K, 99% used [0x00000000c1e00000,0x00000000c60babd8,0x00000000c6100000)
 Metaspace       used 38085K, capacity 38640K, committed 39256K, reserved 1083392K
  class space    used 4997K, capacity 5163K, committed 5248K, reserved 1048576K
GC Heap History (10 events):
Event: 5.629 GC heap before
{Heap before GC invocations=10 (full 2):
 PSYoungGen      total 107520K, used 10212K [0x00000000eb500000, 0x00000000f3280000, 0x0000000100000000)
  eden space 97280K, 0% used [0x00000000eb500000,0x00000000eb500000,0x00000000f1400000)
  from space 10240K, 99% used [0x00000000f1f80000,0x00000000f2979360,0x00000000f2980000)
  to   space 11776K, 0% used [0x00000000f1400000,0x00000000f1400000,0x00000000f1f80000)
 ParOldGen       total 33792K, used 11359K [0x00000000c1e00000, 0x00000000c3f00000, 0x00000000eb500000)
  object space 33792K, 33% used [0x00000000c1e00000,0x00000000c2917ff8,0x00000000c3f00000)
 Metaspace       used 34549K, capacity 35038K, committed 35416K, reserved 1079296K
  class space    used 4514K, capacity 4648K, committed 4736K, reserved 1048576K
Event: 5.707 GC heap after
Heap after GC invocations=10 (full 2):
 PSYoungGen      total 107520K, used 0K [0x00000000eb500000, 0x00000000f3280000, 0x0000000100000000)
  eden space 97280K, 0% used [0x00000000eb500000,0x00000000eb500000,0x00000000f1400000)
  from space 10240K, 0% used [0x00000000f1f80000,0x00000000f1f80000,0x00000000f2980000)
  to   space 11776K, 0% used [0x00000000f1400000,0x00000000f1400000,0x00000000f1f80000)
 ParOldGen       total 47104K, used 14726K [0x00000000c1e00000, 0x00000000c4c00000, 0x00000000eb500000)
  object space 47104K, 31% used [0x00000000c1e00000,0x00000000c2c61960,0x00000000c4c00000)
 Metaspace       used 34549K, capacity 35038K, committed 35416K, reserved 1079296K
  class space    used 4514K, capacity 4648K, committed 4736K, reserved 1048576K
}
Event: 10.549 GC heap before
{Heap before GC invocations=11 (full 2):
 PSYoungGen      total 107520K, used 97280K [0x00000000eb500000, 0x00000000f3280000, 0x0000000100000000)
  eden space 97280K, 100% used [0x00000000eb500000,0x00000000f1400000,0x00000000f1400000)
  from space 10240K, 0% used [0x00000000f1f80000,0x00000000f1f80000,0x00000000f2980000)
  to   space 11776K, 0% used [0x00000000f1400000,0x00000000f1400000,0x00000000f1f80000)
 ParOldGen       total 47104K, used 14726K [0x00000000c1e00000, 0x00000000c4c00000, 0x00000000eb500000)
  object space 47104K, 31% used [0x00000000c1e00000,0x00000000c2c61978,0x00000000c4c00000)
 Metaspace       used 37430K, capacity 37904K, committed 38360K, reserved 1083392K
  class space    used 4940K, capacity 5067K, committed 5120K, reserved 1048576K
Event: 10.571 GC heap after
Heap after GC invocations=11 (full 2):
 PSYoungGen      total 109056K, used 11746K [0x00000000eb500000, 0x00000000f5500000, 0x0000000100000000)
  eden space 97280K, 0% used [0x00000000eb500000,0x00000000eb500000,0x00000000f1400000)
  from space 11776K, 99% used [0x00000000f1400000,0x00000000f1f78898,0x00000000f1f80000)
  to   space 15872K, 0% used [0x00000000f4580000,0x00000000f4580000,0x00000000f5500000)
 ParOldGen       total 47104K, used 21331K [0x00000000c1e00000, 0x00000000c4c00000, 0x00000000eb500000)
  object space 47104K, 45% used [0x00000000c1e00000,0x00000000c32d4e18,0x00000000c4c00000)
 Metaspace       used 37430K, capacity 37904K, committed 38360K, reserved 1083392K
  class space    used 4940K, capacity 5067K, committed 5120K, reserved 1048576K
}
Event: 11.491 GC heap before
{Heap before GC invocations=12 (full 2):
 PSYoungGen      total 109056K, used 109026K [0x00000000eb500000, 0x00000000f5500000, 0x0000000100000000)
  eden space 97280K, 100% used [0x00000000eb500000,0x00000000f1400000,0x00000000f1400000)
  from space 11776K, 99% used [0x00000000f1400000,0x00000000f1f78898,0x00000000f1f80000)
  to   space 15872K, 0% used [0x00000000f4580000,0x00000000f4580000,0x00000000f5500000)
 ParOldGen       total 47104K, used 21333K [0x00000000c1e00000, 0x00000000c4c00000, 0x00000000eb500000)
  object space 47104K, 45% used [0x00000000c1e00000,0x00000000c32d5600,0x00000000c4c00000)
 Metaspace       used 37700K, capacity 38198K, committed 38616K, reserved 1083392K
  class space    used 4971K, capacity 5100K, committed 5120K, reserved 1048576K
Event: 11.962 GC heap after
Heap after GC invocations=12 (full 2):
 PSYoungGen      total 109056K, used 109026K [0x00000000eb500000, 0x00000000f5500000, 0x0000000100000000)
  eden space 97280K, 100% used [0x00000000eb500000,0x00000000f1400000,0x00000000f1400000)
  from space 11776K, 99% used [0x00000000f1400000,0x00000000f1f78898,0x00000000f1f80000)
  to   space 15872K, 99% used [0x00000000f4580000,0x00000000f54fcd60,0x00000000f5500000)
 ParOldGen       total 68608K, used 68605K [0x00000000c1e00000, 0x00000000c6100000, 0x00000000eb500000)
  object space 68608K, 99% used [0x00000000c1e00000,0x00000000c60ff428,0x00000000c6100000)
 Metaspace       used 37700K, capacity 38198K, committed 38616K, reserved 1083392K
  class space    used 4971K, capacity 5100K, committed 5120K, reserved 1048576K
}
Event: 11.962 GC heap before
{Heap before GC invocations=13 (full 3):
 PSYoungGen      total 109056K, used 109026K [0x00000000eb500000, 0x00000000f5500000, 0x0000000100000000)
  eden space 97280K, 100% used [0x00000000eb500000,0x00000000f1400000,0x00000000f1400000)
  from space 11776K, 99% used [0x00000000f1400000,0x00000000f1f78898,0x00000000f1f80000)
  to   space 15872K, 99% used [0x00000000f4580000,0x00000000f54fcd60,0x00000000f5500000)
 ParOldGen       total 68608K, used 68605K [0x00000000c1e00000, 0x00000000c6100000, 0x00000000eb500000)
  object space 68608K, 99% used [0x00000000c1e00000,0x00000000c60ff428,0x00000000c6100000)
 Metaspace       used 37700K, capacity 38198K, committed 38616K, reserved 1083392K
  class space    used 4971K, capacity 5100K, committed 5120K, reserved 1048576K
Event: 12.592 GC heap after
Heap after GC invocations=13 (full 3):
 PSYoungGen      total 109056K, used 28804K [0x00000000eb500000, 0x00000000f5500000, 0x0000000100000000)
  eden space 97280K, 29% used [0x00000000eb500000,0x00000000ed121148,0x00000000f1400000)
  from space 11776K, 0% used [0x00000000f1400000,0x00000000f1400000,0x00000000f1f80000)
  to   space 15872K, 0% used [0x00000000f4580000,0x00000000f4580000,0x00000000f5500000)
 ParOldGen       total 68608K, used 68577K [0x00000000c1e00000, 0x00000000c6100000, 0x00000000eb500000)
  object space 68608K, 99% used [0x00000000c1e00000,0x00000000c60f8770,0x00000000c6100000)
 Metaspace       used 37698K, capacity 38192K, committed 38616K, reserved 1083392K
  class space    used 4970K, capacity 5099K, committed 5120K, reserved 1048576K
}
Event: 12.975 GC heap before
{Heap before GC invocations=14 (full 4):
 PSYoungGen      total 109056K, used 97280K [0x00000000eb500000, 0x00000000f5500000, 0x0000000100000000)
  eden space 97280K, 100% used [0x00000000eb500000,0x00000000f1400000,0x00000000f1400000)
  from space 11776K, 0% used [0x00000000f1400000,0x00000000f1400000,0x00000000f1f80000)
  to   space 15872K, 0% used [0x00000000f4580000,0x00000000f4580000,0x00000000f5500000)
 ParOldGen       total 68608K, used 68577K [0x00000000c1e00000, 0x00000000c6100000, 0x00000000eb500000)
  object space 68608K, 99% used [0x00000000c1e00000,0x00000000c60f8770,0x00000000c6100000)
 Metaspace       used 37700K, capacity 38192K, committed 38616K, reserved 1083392K
  class space    used 4970K, capacity 5099K, committed 5120K, reserved 1048576K
Event: 13.293 GC heap after
Heap after GC invocations=14 (full 4):
 PSYoungGen      total 109056K, used 28693K [0x00000000eb500000, 0x00000000f5500000, 0x0000000100000000)
  eden space 97280K, 29% used [0x00000000eb500000,0x00000000ed105560,0x00000000f1400000)
  from space 11776K, 0% used [0x00000000f1400000,0x00000000f1400000,0x00000000f1f80000)
  to   space 15872K, 0% used [0x00000000f4580000,0x00000000f4580000,0x00000000f5500000)
 ParOldGen       total 68608K, used 68330K [0x00000000c1e00000, 0x00000000c6100000, 0x00000000eb500000)
  object space 68608K, 99% used [0x00000000c1e00000,0x00000000c60babd8,0x00000000c6100000)
 Metaspace       used 37700K, capacity 38192K, committed 38616K, reserved 1083392K
  class space    used 4970K, capacity 5099K, committed 5120K, reserved 1048576K
}

